#
# A fatal error has been detected by the Java Runtime Environment:
#
#  SIGSEGV (0xb) at pc=0x000000012a52f3fd, pid=1637, tid=1811
#
# JRE version: Java(TM) SE Runtime Environment (8.0_25-b17) (build 1.8.0_25-b17)
# Java VM: Java HotSpot(TM) 64-Bit Server VM (25.25-b02 mixed mode bsd-amd64 compressed oops)
# Problematic frame:
# C  [libglass.dylib+0x163fd]  GlassScreenDidChangeScreenParameters+0x9d
#
# Failed to write core dump. Core dumps have been disabled. To enable core dumping, try "ulimit -c unlimited" before starting Java again
#
# If you would like to submit a bug report, please visit:
#   http://bugreport.sun.com/bugreport/crash.jsp
#

---------------  T H R E A D  ---------------

Current thread is native thread

siginfo: si_signo: 11 (SIGSEGV), si_code: 1 (SEGV_MAPERR), si_addr: 0x0000000000000000

Registers:
RAX=0x000000012a561e40, RBX=0x0000000000000000, RCX=0xd20045579b3385f5, RDX=0x00007fc3b0452620
RSP=0x00007fff55c29110, RBP=0x00007fff55c29120, RSI=0x00007fc3b0509768, RDI=0x0000000000000000
R8 =0x00007fff55c28fc0, R9 =0x00007fff760b1300, R10=0x0000000000000000, R11=0x0000000000000246
R12=0x00007fc3b042d850, R13=0x00000000000f4268, R14=0x00007fc3b194ff50, R15=0x00007fff55c29260
RIP=0x000000012a52f3fd, EFLAGS=0x0000000000010202, ERR=0x0000000000000004
  TRAPNO=0x000000000000000e

Top of Stack: (sp=0x00007fff55c29110)
0x00007fff55c29110:   00007fff55c292f0 00007fc3b194ff50
0x00007fff55c29120:   00007fff55c29130 00007fff88e0ccdc
0x00007fff55c29130:   00007fff55c29490 00007fff88cfe244
0x00007fff55c29140:   00007fff55c29190 0000000000003200
0x00007fff55c29150:   00007fff76010cf0 00007fc3b8290da0
0x00007fff55c29160:   0000000000001005 0000000000000900
0x00007fff55c29170:   00007fc3b8290da0 00007fc3b194ff50
0x00007fff55c29180:   0000000000000000 00007fff55c29260
0x00007fff55c29190:   0000000000000000 00007fc3b194ff10
0x00007fff55c291a0:   00007fff55c292e0 0000000000000060
0x00007fff55c291b0:   00000000000f4317 00007fc3b1803000
0x00007fff55c291c0:   00007fc3b0541600 00007fc3b042d850
0x00007fff55c291d0:   0000000000000001 00000000000f4268
0x00007fff55c291e0:   00007fc3b042d840 00007fff9041cacb
0x00007fff55c291f0:   0000000000000001 0000000000000001
0x00007fff55c29200:   0000000000000030 0000000000000001
0x00007fff55c29210:   00007fff55c29230 00007fff90422231
0x00007fff55c29220:   00007fff7600edd0 0000000000000000
0x00007fff55c29230:   00007fff55c29250 000000000000001e
0x00007fff55c29240:   00026803b10fce00 00007fc3b042d874
0x00007fff55c29250:   0000000000000000 00007fff88cf3d1f
0x00007fff55c29260:   00007fc3b194ff50 00007fff7600edd0
0x00007fff55c29270:   00007fff55c292f0 00007fff88cfc84f
0x00007fff55c29280:   00007fff55c292fc 00007fff55c29300
0x00007fff55c29290:   0000000109ff1a00 0000000000000002
0x00007fff55c292a0:   0000000109fee000 00007fc3b1803df2
0x00007fff55c292b0:   0000000000000003 0000000109ff4c00
0x00007fff55c292c0:   00007fff55c293b0 00007fff9041b2a2
0x00007fff55c292d0:   00007fc3b0644030 00007fff55c29498
0x00007fff55c292e0:   0000000000000017 0000000000000000
0x00007fff55c292f0:   00000000000f4268 00007fff88cf4013
0x00007fff55c29300:   00007fff00000000 00007fc3b0645b80 

Instructions: (pc=0x000000012a52f3fd)
0x000000012a52f3dd:   89 df 4c 89 f1 41 ff 90 68 04 00 00 48 8d 05 58
0x000000012a52f3ed:   29 03 00 48 8b 30 48 8d 05 46 2a 03 00 48 8b 10
0x000000012a52f3fd:   48 8b 0b 30 c0 48 89 df ff 91 68 04 00 00 48 8b
0x000000012a52f40d:   03 48 89 df ff 50 78 48 85 c0 74 36 49 89 c6 48 

Register to memory mapping:

RAX=0x000000012a561e40: jScreenNotifySettingsChanged+0 in /Library/Java/JavaVirtualMachines/jdk1.8.0_25.jdk/Contents/Home/jre/lib/libglass.dylib at 0x000000012a519000
RBX=0x0000000000000000 is an unknown value
RCX=0xd20045579b3385f5 is an unknown value
RDX=0x00007fc3b0452620 is an unknown value
RSP=0x00007fff55c29110 is an unknown value
RBP=0x00007fff55c29120 is an unknown value
RSI=0x00007fc3b0509768 is a global jni handle
RDI=0x0000000000000000 is an unknown value
R8 =0x00007fff55c28fc0 is an unknown value
R9 =0x00007fff760b1300: _thread+0 in /usr/lib/system/libsystem_pthread.dylib at 0x00007fff8933f000
R10=0x0000000000000000 is an unknown value
R11=0x0000000000000246 is an unknown value
R12=0x00007fc3b042d850 is an unknown value
R13=0x00000000000f4268 is an unknown value
R14=0x00007fc3b194ff50 is an unknown value
R15=0x00007fff55c29260 is an unknown value


Stack: [0x00007fff5542c000,0x00007fff55c2c000],  sp=0x00007fff55c29110,  free space=8180k
Native frames: (J=compiled Java code, j=interpreted, Vv=VM code, C=native code)
C  [libglass.dylib+0x163fd]  GlassScreenDidChangeScreenParameters+0x9d
C  [CoreFoundation+0x11ecdc]  __CFNOTIFICATIONCENTER_IS_CALLING_OUT_TO_AN_OBSERVER__+0xc
C  [CoreFoundation+0x10244]  _CFXNotificationPost+0xc44
C  [Foundation+0x2c31]  -[NSNotificationCenter postNotificationName:object:userInfo:]+0x42
C  [AppKit+0x36305e]  -[NSApplication _reactToScreenInvalidationImmediately:]+0x17b
C  [AppKit+0x362e9d]  __44-[NSApplication _reactToScreenInvalidation:]_block_invoke+0x4b
C  [CoreFoundation+0x8056c]  __CFRUNLOOP_IS_CALLING_OUT_TO_A_BLOCK__+0xc
C  [CoreFoundation+0x72675]  __CFRunLoopDoBlocks+0x155
C  [CoreFoundation+0x721b6]  __CFRunLoopRun+0x716
C  [CoreFoundation+0x71858]  CFRunLoopRunSpecific+0x128
C  [java+0x56cc]  CreateExecutionEnvironment+0x367
C  [java+0x165c]  JLI_Launch+0x7a0
C  [java+0x768a]  main+0x65
C  [java+0xeb4]  start+0x34


---------------  P R O C E S S  ---------------

VM state:at safepoint (normal execution)

VM Mutex/Monitor currently owned by a thread:  ([mutex/lock_event])
[0x00007fc3b041f980] Threads_lock - owner thread: 0x00007fc3b2055800
[0x00007fc3b041fe80] Heap_lock - owner thread: 0x00007fc3b0884800

Heap:
 PSYoungGen      total 76288K, used 51324K [0x000000076ab00000, 0x0000000770000000, 0x00000007c0000000)
  eden space 65536K, 78% used [0x000000076ab00000,0x000000076dd1f380,0x000000076eb00000)
  from space 10752K, 0% used [0x000000076f580000,0x000000076f580000,0x0000000770000000)
  to   space 10752K, 0% used [0x000000076eb00000,0x000000076eb00000,0x000000076f580000)
 ParOldGen       total 175104K, used 0K [0x00000006c0000000, 0x00000006cab00000, 0x000000076ab00000)
  object space 175104K, 0% used [0x00000006c0000000,0x00000006c0000000,0x00000006cab00000)
 Metaspace       used 16468K, capacity 17082K, committed 17408K, reserved 1064960K
  class space    used 2337K, capacity 2488K, committed 2560K, reserved 1048576K

Card table byte_map: [0x000000011b521000,0x000000011bd22000] byte_map_base: 0x0000000117f21000

Marking Bits: (ParMarkBitMap*) 0x000000010ba9d390
 Begin Bits: [0x000000011ca90000, 0x0000000120a90000)
 End Bits:   [0x0000000120a90000, 0x0000000124a90000)

Polling page: 0x000000010a1fa000

CodeCache: size=245760Kb used=5567Kb max_used=5567Kb free=240192Kb
 bounds [0x000000010c161000, 0x000000010c6e1000, 0x000000011b161000]
 total_blobs=2431 nmethods=1799 adapters=546
 compilation: enabled

Compilation events (10 events):
Event: 83.447 Thread 0x00007fc3b2807000 1796       3       java.lang.invoke.ConstantCallSite::getTarget (20 bytes)
Event: 83.447 Thread 0x00007fc3b2807000 nmethod 1796 0x000000010c6d3790 code [0x000000010c6d3900, 0x000000010c6d3b48]
Event: 83.458 Thread 0x00007fc3b2807000 1797       3       com.sun.javafx.event.EventDispatchChainImpl::prepend (77 bytes)
Event: 83.459 Thread 0x00007fc3b2807000 nmethod 1797 0x000000010c6d3050 code [0x000000010c6d31e0, 0x000000010c6d35b8]
Event: 83.459 Thread 0x00007fc3b2807000 1798       3       com.sun.javafx.event.EventDispatchChainImpl::ensureCapacity (89 bytes)
Event: 83.459 Thread 0x00007fc3b2807000 nmethod 1798 0x000000010c6cbe50 code [0x000000010c6cbfe0, 0x000000010c6cc518]
Event: 83.478 Thread 0x00007fc3b2807000 1799       3       java.lang.invoke.LambdaForm$Name::<init> (14 bytes)
Event: 83.478 Thread 0x00007fc3b2807000 nmethod 1799 0x000000010c6cb690 code [0x000000010c6cb820, 0x000000010c6cbc58]
Event: 83.478 Thread 0x00007fc3b2807000 1800       3       java.lang.invoke.LambdaForm$NamedFunction::<init> (10 bytes)
Event: 83.478 Thread 0x00007fc3b2807000 nmethod 1800 0x000000010c6d2a50 code [0x000000010c6d2be0, 0x000000010c6d2f08]

GC Heap History (0 events):
No events

Deoptimization events (10 events):
Event: 0.625 Thread 0x00007fc3b10a3000 Uncommon trap: reason=class_check action=maybe_recompile pc=0x000000010c3d52d0 method=java.io.DataInputStream.readShort()S @ 4
Event: 0.625 Thread 0x00007fc3b10a3000 Uncommon trap: reason=class_check action=maybe_recompile pc=0x000000010c3d52d0 method=java.io.DataInputStream.readShort()S @ 4
Event: 0.627 Thread 0x00007fc3b10a3000 Uncommon trap: reason=class_check action=maybe_recompile pc=0x000000010c285d5c method=java.lang.String.equals(Ljava/lang/Object;)Z @ 8
Event: 0.627 Thread 0x00007fc3b10a3000 Uncommon trap: reason=class_check action=maybe_recompile pc=0x000000010c285d5c method=java.lang.String.equals(Ljava/lang/Object;)Z @ 8
Event: 0.627 Thread 0x00007fc3b10a3000 Uncommon trap: reason=class_check action=maybe_recompile pc=0x000000010c285d5c method=java.lang.String.equals(Ljava/lang/Object;)Z @ 8
Event: 0.628 Thread 0x00007fc3b10a3000 Uncommon trap: reason=class_check action=maybe_recompile pc=0x000000010c285d5c method=java.lang.String.equals(Ljava/lang/Object;)Z @ 8
Event: 0.756 Thread 0x00007fc3b10a3000 Uncommon trap: reason=unloaded action=reinterpret pc=0x000000010c3c2c18 method=java.lang.CharacterData.of(I)Ljava/lang/CharacterData; @ 96
Event: 0.793 Thread 0x00007fc3b10a3000 Uncommon trap: reason=unreached action=reinterpret pc=0x000000010c509db0 method=java.util.HashMap.putVal(ILjava/lang/Object;Ljava/lang/Object;ZZ)Ljava/lang/Object; @ 193
Event: 0.806 Thread 0x00007fc3b10a3000 Uncommon trap: reason=unreached action=reinterpret pc=0x000000010c3e1de8 method=java.util.HashMap.hash(Ljava/lang/Object;)I @ 1
Event: 3.640 Thread 0x00007fc3b10a3000 Uncommon trap: reason=unreached action=reinterpret pc=0x000000010c4254f4 method=java.lang.AbstractStringBuilder.append(Ljava/lang/String;)Ljava/lang/AbstractStringBuilder; @ 1

Internal exceptions (10 events):
Event: 4.032 Thread 0x00007fc3b10a3000 Exception <a 'java/security/PrivilegedActionException'> (0x000000076d5522a8) thrown at [/HUDSON3/workspace/8-2-build-macosx-x86_64/jdk8u25/1514/hotspot/src/share/vm/prims/jvm.cpp, line 1312]
Event: 4.033 Thread 0x00007fc3b10a3000 Exception <a 'java/lang/NoSuchMethodError': <clinit>> (0x000000076d55fc20) thrown at [/HUDSON3/workspace/8-2-build-macosx-x86_64/jdk8u25/1514/hotspot/src/share/vm/prims/jni.cpp, line 1603]
Event: 4.141 Thread 0x00007fc3b10a3000 Exception <a 'java/lang/NoSuchMethodError': <clinit>> (0x000000076d6d1510) thrown at [/HUDSON3/workspace/8-2-build-macosx-x86_64/jdk8u25/1514/hotspot/src/share/vm/prims/jni.cpp, line 1603]
Event: 4.252 Thread 0x00007fc3b10a3000 Exception <a 'java/io/FileNotFoundException'> (0x000000076d7186c0) thrown at [/HUDSON3/workspace/8-2-build-macosx-x86_64/jdk8u25/1514/hotspot/src/share/vm/prims/jni.cpp, line 716]
Event: 5.253 Thread 0x00007fc3b10a3000 Exception <a 'java/io/FileNotFoundException'> (0x000000076d7192d8) thrown at [/HUDSON3/workspace/8-2-build-macosx-x86_64/jdk8u25/1514/hotspot/src/share/vm/prims/jni.cpp, line 716]
Event: 6.255 Thread 0x00007fc3b10a3000 Exception <a 'java/io/FileNotFoundException'> (0x000000076d719ec0) thrown at [/HUDSON3/workspace/8-2-build-macosx-x86_64/jdk8u25/1514/hotspot/src/share/vm/prims/jni.cpp, line 716]
Event: 7.256 Thread 0x00007fc3b10a3000 Exception <a 'java/io/FileNotFoundException'> (0x000000076d71aaa8) thrown at [/HUDSON3/workspace/8-2-build-macosx-x86_64/jdk8u25/1514/hotspot/src/share/vm/prims/jni.cpp, line 716]
Event: 8.261 Thread 0x00007fc3b10a3000 Exception <a 'java/io/FileNotFoundException'> (0x000000076d71b690) thrown at [/HUDSON3/workspace/8-2-build-macosx-x86_64/jdk8u25/1514/hotspot/src/share/vm/prims/jni.cpp, line 716]
Event: 8.262 Thread 0x00007fc3b10a3000 Exception <a 'java/lang/reflect/InvocationTargetException'> (0x000000076d71e570) thrown at [/HUDSON3/workspace/8-2-build-macosx-x86_64/jdk8u25/1514/hotspot/src/share/vm/runtime/reflection.cpp, line 1080]
Event: 8.262 Thread 0x00007fc3b10a3000 Exception <a 'java/lang/RuntimeException'> (0x000000076d71ec00) thrown at [/HUDSON3/workspace/8-2-build-macosx-x86_64/jdk8u25/1514/hotspot/src/share/vm/prims/jvm.cpp, line 1316]

Events (10 events):
Event: 83.479 Thread 0x00007fc3b1008000 Thread exited: 0x00007fc3b1008000
Event: 83.479 Thread 0x00007fc3b21cf000 Thread exited: 0x00007fc3b21cf000
Event: 83.479 Thread 0x00007fc3b2000000 Thread exited: 0x00007fc3b2000000
Event: 83.479 Thread 0x00007fc3b0884800 Thread added: 0x00007fc3b0884800
Event: 83.479 Thread 0x00007fc3b10a3000 Thread exited: 0x00007fc3b10a3000
Event: 83.479 loading class java/util/IdentityHashMap$KeyIterator
Event: 83.479 loading class java/util/IdentityHashMap$IdentityHashMapIterator
Event: 83.479 loading class java/util/IdentityHashMap$IdentityHashMapIterator done
Event: 83.479 loading class java/util/IdentityHashMap$KeyIterator done
Event: 83.479 Thread 0x00007fc3b0884800 Thread exited: 0x00007fc3b0884800


Dynamic libraries:
0x0000000005543000 	/System/Library/Frameworks/Cocoa.framework/Versions/A/Cocoa
0x0000000005543000 	/System/Library/Frameworks/Security.framework/Versions/A/Security
0x0000000005543000 	/System/Library/Frameworks/ApplicationServices.framework/Versions/A/ApplicationServices
0x0000000005543000 	/usr/lib/libz.1.dylib
0x0000000005543000 	/usr/lib/libSystem.B.dylib
0x0000000005543000 	/usr/lib/libobjc.A.dylib
0x0000000005543000 	/System/Library/Frameworks/CoreFoundation.framework/Versions/A/CoreFoundation
0x0000000005543000 	/System/Library/Frameworks/Foundation.framework/Versions/C/Foundation
0x0000000005543000 	/System/Library/Frameworks/AppKit.framework/Versions/C/AppKit
0x0000000005543000 	/System/Library/Frameworks/CoreData.framework/Versions/A/CoreData
0x0000000005543000 	/System/Library/PrivateFrameworks/RemoteViewServices.framework/Versions/A/RemoteViewServices
0x0000000005543000 	/System/Library/PrivateFrameworks/UIFoundation.framework/Versions/A/UIFoundation
0x0000000005543000 	/System/Library/Frameworks/IOSurface.framework/Versions/A/IOSurface
0x0000000005543000 	/System/Library/Frameworks/AudioToolbox.framework/Versions/A/AudioToolbox
0x0000000005543000 	/System/Library/Frameworks/AudioUnit.framework/Versions/A/AudioUnit
0x0000000005543000 	/System/Library/PrivateFrameworks/DataDetectorsCore.framework/Versions/A/DataDetectorsCore
0x0000000005543000 	/System/Library/PrivateFrameworks/DesktopServicesPriv.framework/Versions/A/DesktopServicesPriv
0x0000000005543000 	/System/Library/Frameworks/Carbon.framework/Versions/A/Frameworks/HIToolbox.framework/Versions/A/HIToolbox
0x0000000005543000 	/System/Library/Frameworks/QuartzCore.framework/Versions/A/QuartzCore
0x0000000005543000 	/System/Library/Frameworks/Carbon.framework/Versions/A/Frameworks/SpeechRecognition.framework/Versions/A/SpeechRecognition
0x0000000005543000 	/usr/lib/libauto.dylib
0x0000000005543000 	/usr/lib/libicucore.A.dylib
0x0000000005543000 	/usr/lib/libxml2.2.dylib
0x0000000005543000 	/System/Library/PrivateFrameworks/CoreUI.framework/Versions/A/CoreUI
0x0000000005543000 	/System/Library/Frameworks/CoreAudio.framework/Versions/A/CoreAudio
0x0000000005543000 	/System/Library/Frameworks/DiskArbitration.framework/Versions/A/DiskArbitration
0x0000000005543000 	/usr/lib/liblangid.dylib
0x0000000005543000 	/System/Library/PrivateFrameworks/MultitouchSupport.framework/Versions/A/MultitouchSupport
0x0000000005543000 	/System/Library/Frameworks/IOKit.framework/Versions/A/IOKit
0x0000000005543000 	/usr/lib/libDiagnosticMessagesClient.dylib
0x0000000005543000 	/System/Library/Frameworks/CoreServices.framework/Versions/A/CoreServices
0x0000000005543000 	/System/Library/PrivateFrameworks/PerformanceAnalysis.framework/Versions/A/PerformanceAnalysis
0x0000000005543000 	/System/Library/PrivateFrameworks/GenerationalStorage.framework/Versions/A/GenerationalStorage
0x0000000005543000 	/System/Library/Frameworks/OpenGL.framework/Versions/A/OpenGL
0x0000000005543000 	/System/Library/PrivateFrameworks/Sharing.framework/Versions/A/Sharing
0x0000000005543000 	/System/Library/Frameworks/CoreGraphics.framework/Versions/A/CoreGraphics
0x0000000005543000 	/System/Library/Frameworks/CoreText.framework/Versions/A/CoreText
0x0000000005543000 	/System/Library/Frameworks/ImageIO.framework/Versions/A/ImageIO
0x0000000005543000 	/usr/lib/libextension.dylib
0x0000000005543000 	/System/Library/PrivateFrameworks/Backup.framework/Versions/A/Backup
0x0000000005543000 	/usr/lib/libarchive.2.dylib
0x0000000005543000 	/System/Library/Frameworks/CFNetwork.framework/Versions/A/CFNetwork
0x0000000005543000 	/System/Library/Frameworks/SystemConfiguration.framework/Versions/A/SystemConfiguration
0x0000000005543000 	/usr/lib/libCRFSuite.dylib
0x0000000005543000 	/usr/lib/libc++.1.dylib
0x0000000005543000 	/usr/lib/libc++abi.dylib
0x0000000005543000 	/usr/lib/system/libcache.dylib
0x0000000005543000 	/usr/lib/system/libcommonCrypto.dylib
0x0000000005543000 	/usr/lib/system/libcompiler_rt.dylib
0x0000000005543000 	/usr/lib/system/libcopyfile.dylib
0x0000000005543000 	/usr/lib/system/libcorecrypto.dylib
0x0000000005543000 	/usr/lib/system/libdispatch.dylib
0x0000000005543000 	/usr/lib/system/libdyld.dylib
0x0000000005543000 	/usr/lib/system/libkeymgr.dylib
0x0000000005543000 	/usr/lib/system/liblaunch.dylib
0x0000000005543000 	/usr/lib/system/libmacho.dylib
0x0000000005543000 	/usr/lib/system/libquarantine.dylib
0x0000000005543000 	/usr/lib/system/libremovefile.dylib
0x0000000005543000 	/usr/lib/system/libsystem_asl.dylib
0x0000000005543000 	/usr/lib/system/libsystem_blocks.dylib
0x0000000005543000 	/usr/lib/system/libsystem_c.dylib
0x0000000005543000 	/usr/lib/system/libsystem_configuration.dylib
0x0000000005543000 	/usr/lib/system/libsystem_coreservices.dylib
0x0000000005543000 	/usr/lib/system/libsystem_coretls.dylib
0x0000000005543000 	/usr/lib/system/libsystem_dnssd.dylib
0x0000000005543000 	/usr/lib/system/libsystem_info.dylib
0x0000000005543000 	/usr/lib/system/libsystem_kernel.dylib
0x0000000005543000 	/usr/lib/system/libsystem_m.dylib
0x0000000005543000 	/usr/lib/system/libsystem_malloc.dylib
0x0000000005543000 	/usr/lib/system/libsystem_network.dylib
0x0000000005543000 	/usr/lib/system/libsystem_networkextension.dylib
0x0000000005543000 	/usr/lib/system/libsystem_notify.dylib
0x0000000005543000 	/usr/lib/system/libsystem_platform.dylib
0x0000000005543000 	/usr/lib/system/libsystem_pthread.dylib
0x0000000005543000 	/usr/lib/system/libsystem_sandbox.dylib
0x0000000005543000 	/usr/lib/system/libsystem_secinit.dylib
0x0000000005543000 	/usr/lib/system/libsystem_stats.dylib
0x0000000005543000 	/usr/lib/system/libsystem_trace.dylib
0x0000000005543000 	/usr/lib/system/libunc.dylib
0x0000000005543000 	/usr/lib/system/libunwind.dylib
0x0000000005543000 	/usr/lib/system/libxpc.dylib
0x0000000005543000 	/usr/lib/libbz2.1.0.dylib
0x0000000005543000 	/usr/lib/liblzma.5.dylib
0x0000000005543000 	/usr/lib/libbsm.0.dylib
0x0000000005543000 	/usr/lib/libsqlite3.dylib
0x0000000005543000 	/usr/lib/system/libkxld.dylib
0x0000000005543000 	/usr/lib/libxar.1.dylib
0x0000000005543000 	/usr/lib/libpam.2.dylib
0x0000000005543000 	/usr/lib/libOpenScriptingUtil.dylib
0x0000000005543000 	/System/Library/Frameworks/CoreServices.framework/Versions/A/Frameworks/FSEvents.framework/Versions/A/FSEvents
0x0000000005543000 	/System/Library/Frameworks/CoreServices.framework/Versions/A/Frameworks/CarbonCore.framework/Versions/A/CarbonCore
0x0000000005543000 	/System/Library/Frameworks/CoreServices.framework/Versions/A/Frameworks/Metadata.framework/Versions/A/Metadata
0x0000000005543000 	/System/Library/Frameworks/CoreServices.framework/Versions/A/Frameworks/OSServices.framework/Versions/A/OSServices
0x0000000005543000 	/System/Library/Frameworks/CoreServices.framework/Versions/A/Frameworks/SearchKit.framework/Versions/A/SearchKit
0x0000000005543000 	/System/Library/Frameworks/CoreServices.framework/Versions/A/Frameworks/AE.framework/Versions/A/AE
0x0000000005543000 	/System/Library/Frameworks/CoreServices.framework/Versions/A/Frameworks/LaunchServices.framework/Versions/A/LaunchServices
0x0000000005543000 	/System/Library/Frameworks/CoreServices.framework/Versions/A/Frameworks/DictionaryServices.framework/Versions/A/DictionaryServices
0x0000000005543000 	/System/Library/Frameworks/NetFS.framework/Versions/A/NetFS
0x0000000005543000 	/System/Library/PrivateFrameworks/NetAuth.framework/Versions/A/NetAuth
0x0000000005543000 	/System/Library/PrivateFrameworks/login.framework/Versions/A/Frameworks/loginsupport.framework/Versions/A/loginsupport
0x0000000005543000 	/System/Library/PrivateFrameworks/TCC.framework/Versions/A/TCC
0x0000000005543000 	/usr/lib/libmecabra.dylib
0x0000000005543000 	/System/Library/Frameworks/ApplicationServices.framework/Versions/A/Frameworks/ATS.framework/Versions/A/ATS
0x0000000005543000 	/System/Library/Frameworks/ApplicationServices.framework/Versions/A/Frameworks/ColorSync.framework/Versions/A/ColorSync
0x0000000005543000 	/System/Library/Frameworks/ApplicationServices.framework/Versions/A/Frameworks/HIServices.framework/Versions/A/HIServices
0x0000000005543000 	/System/Library/Frameworks/ApplicationServices.framework/Versions/A/Frameworks/LangAnalysis.framework/Versions/A/LangAnalysis
0x0000000005543000 	/System/Library/Frameworks/ApplicationServices.framework/Versions/A/Frameworks/PrintCore.framework/Versions/A/PrintCore
0x0000000005543000 	/System/Library/Frameworks/ApplicationServices.framework/Versions/A/Frameworks/QD.framework/Versions/A/QD
0x0000000005543000 	/System/Library/Frameworks/ApplicationServices.framework/Versions/A/Frameworks/SpeechSynthesis.framework/Versions/A/SpeechSynthesis
0x0000000005543000 	/System/Library/Frameworks/Accelerate.framework/Versions/A/Accelerate
0x0000000005543000 	/System/Library/Frameworks/Accelerate.framework/Versions/A/Frameworks/vImage.framework/Versions/A/vImage
0x0000000005543000 	/System/Library/Frameworks/Accelerate.framework/Versions/A/Frameworks/vecLib.framework/Versions/A/vecLib
0x0000000005543000 	/System/Library/Frameworks/Accelerate.framework/Versions/A/Frameworks/vecLib.framework/Versions/A/libvDSP.dylib
0x0000000005543000 	/System/Library/Frameworks/Accelerate.framework/Versions/A/Frameworks/vecLib.framework/Versions/A/libvMisc.dylib
0x0000000005543000 	/System/Library/Frameworks/Accelerate.framework/Versions/A/Frameworks/vecLib.framework/Versions/A/libLAPACK.dylib
0x0000000005543000 	/System/Library/Frameworks/Accelerate.framework/Versions/A/Frameworks/vecLib.framework/Versions/A/libBLAS.dylib
0x0000000005543000 	/System/Library/Frameworks/Accelerate.framework/Versions/A/Frameworks/vecLib.framework/Versions/A/libLinearAlgebra.dylib
0x0000000005543000 	/System/Library/Frameworks/ApplicationServices.framework/Versions/A/Frameworks/ATS.framework/Versions/A/Resources/libFontParser.dylib
0x0000000005543000 	/System/Library/Frameworks/ApplicationServices.framework/Versions/A/Frameworks/ATS.framework/Versions/A/Resources/libFontRegistry.dylib
0x0000000005543000 	/System/Library/PrivateFrameworks/AppleVPA.framework/Versions/A/AppleVPA
0x0000000005543000 	/System/Library/PrivateFrameworks/AppleJPEG.framework/Versions/A/AppleJPEG
0x0000000005543000 	/System/Library/Frameworks/ImageIO.framework/Versions/A/Resources/libJPEG.dylib
0x0000000005543000 	/System/Library/Frameworks/ImageIO.framework/Versions/A/Resources/libTIFF.dylib
0x0000000005543000 	/System/Library/Frameworks/ImageIO.framework/Versions/A/Resources/libPng.dylib
0x0000000005543000 	/System/Library/Frameworks/ImageIO.framework/Versions/A/Resources/libGIF.dylib
0x0000000005543000 	/System/Library/Frameworks/ImageIO.framework/Versions/A/Resources/libJP2.dylib
0x0000000005543000 	/System/Library/Frameworks/ImageIO.framework/Versions/A/Resources/libRadiance.dylib
0x0000000005543000 	/System/Library/Frameworks/CoreVideo.framework/Versions/A/CoreVideo
0x0000000005543000 	/System/Library/Frameworks/OpenGL.framework/Versions/A/Libraries/libGLU.dylib
0x0000000005543000 	/System/Library/Frameworks/OpenGL.framework/Versions/A/Libraries/libGFXShared.dylib
0x0000000005543000 	/System/Library/Frameworks/OpenGL.framework/Versions/A/Libraries/libGL.dylib
0x0000000005543000 	/System/Library/Frameworks/OpenGL.framework/Versions/A/Libraries/libGLImage.dylib
0x0000000005543000 	/System/Library/Frameworks/OpenGL.framework/Versions/A/Libraries/libCVMSPluginSupport.dylib
0x0000000005543000 	/System/Library/Frameworks/OpenGL.framework/Versions/A/Libraries/libCoreVMClient.dylib
0x0000000005543000 	/usr/lib/libcups.2.dylib
0x0000000005543000 	/System/Library/Frameworks/Kerberos.framework/Versions/A/Kerberos
0x0000000005543000 	/System/Library/Frameworks/GSS.framework/Versions/A/GSS
0x0000000005543000 	/usr/lib/libresolv.9.dylib
0x0000000005543000 	/usr/lib/libiconv.2.dylib
0x0000000005543000 	/System/Library/PrivateFrameworks/Heimdal.framework/Versions/A/Heimdal
0x0000000005543000 	/usr/lib/libheimdal-asn1.dylib
0x0000000005543000 	/System/Library/Frameworks/OpenDirectory.framework/Versions/A/OpenDirectory
0x0000000005543000 	/System/Library/PrivateFrameworks/CommonAuth.framework/Versions/A/CommonAuth
0x0000000005543000 	/System/Library/Frameworks/OpenDirectory.framework/Versions/A/Frameworks/CFOpenDirectory.framework/Versions/A/CFOpenDirectory
0x0000000005543000 	/System/Library/Frameworks/SecurityFoundation.framework/Versions/A/SecurityFoundation
0x0000000005543000 	/System/Library/PrivateFrameworks/LanguageModeling.framework/Versions/A/LanguageModeling
0x0000000005543000 	/usr/lib/libcmph.dylib
0x0000000005543000 	/System/Library/Frameworks/ServiceManagement.framework/Versions/A/ServiceManagement
0x0000000005543000 	/usr/lib/libxslt.1.dylib
0x0000000005543000 	/System/Library/Frameworks/Carbon.framework/Versions/A/Frameworks/Ink.framework/Versions/A/Ink
0x0000000005543000 	/System/Library/Frameworks/QuartzCore.framework/Versions/A/Frameworks/CoreImage.framework/Versions/A/CoreImage
0x0000000005543000 	/System/Library/PrivateFrameworks/CrashReporterSupport.framework/Versions/A/CrashReporterSupport
0x0000000005543000 	/System/Library/Frameworks/OpenCL.framework/Versions/A/OpenCL
0x0000000005543000 	/System/Library/PrivateFrameworks/FaceCore.framework/Versions/A/FaceCore
0x0000000005543000 	/System/Library/PrivateFrameworks/Ubiquity.framework/Versions/A/Ubiquity
0x0000000005543000 	/System/Library/PrivateFrameworks/IconServices.framework/Versions/A/IconServices
0x0000000005543000 	/System/Library/PrivateFrameworks/ChunkingLibrary.framework/Versions/A/ChunkingLibrary
0x0000000005543000 	/System/Library/PrivateFrameworks/Apple80211.framework/Versions/A/Apple80211
0x0000000005543000 	/System/Library/Frameworks/CoreWLAN.framework/Versions/A/CoreWLAN
0x0000000005543000 	/System/Library/Frameworks/IOBluetooth.framework/Versions/A/IOBluetooth
0x0000000005543000 	/System/Library/PrivateFrameworks/CoreWiFi.framework/Versions/A/CoreWiFi
0x0000000005543000 	/System/Library/Frameworks/CoreBluetooth.framework/Versions/A/CoreBluetooth
0x0000000005543000 	/System/Library/PrivateFrameworks/DebugSymbols.framework/Versions/A/DebugSymbols
0x0000000005543000 	/System/Library/PrivateFrameworks/CoreSymbolication.framework/Versions/A/CoreSymbolication
0x0000000005543000 	/System/Library/PrivateFrameworks/Symbolication.framework/Versions/A/Symbolication
0x0000000005543000 	/System/Library/PrivateFrameworks/SpeechRecognitionCore.framework/Versions/A/SpeechRecognitionCore
0x000000010b200000 	/Library/Java/JavaVirtualMachines/jdk1.8.0_25.jdk/Contents/Home/jre/lib/server/libjvm.dylib
0x0000000005543000 	/usr/lib/libstdc++.6.dylib
0x000000010a1ec000 	/Library/Java/JavaVirtualMachines/jdk1.8.0_25.jdk/Contents/Home/jre/lib/libverify.dylib
0x000000010c11c000 	/Library/Java/JavaVirtualMachines/jdk1.8.0_25.jdk/Contents/Home/jre/lib/libjava.dylib
0x000000010c158000 	/Library/Java/JavaVirtualMachines/jdk1.8.0_25.jdk/Contents/Home/jre/lib/libzip.dylib
0x0000000127d34000 	/System/Library/Frameworks/JavaVM.framework/Frameworks/JavaRuntimeSupport.framework/JavaRuntimeSupport
0x0000000127d4a000 	/System/Library/Frameworks/JavaVM.framework/Versions/A/Frameworks/JavaNativeFoundation.framework/Versions/A/JavaNativeFoundation
0x0000000127d5e000 	/System/Library/Frameworks/JavaVM.framework/Versions/A/JavaVM
0x0000000005543000 	/System/Library/Frameworks/Carbon.framework/Versions/A/Carbon
0x0000000127d6a000 	/System/Library/PrivateFrameworks/JavaLaunching.framework/Versions/A/JavaLaunching
0x0000000005543000 	/System/Library/Frameworks/Carbon.framework/Versions/A/Frameworks/CommonPanels.framework/Versions/A/CommonPanels
0x0000000005543000 	/System/Library/Frameworks/Carbon.framework/Versions/A/Frameworks/Help.framework/Versions/A/Help
0x0000000005543000 	/System/Library/Frameworks/Carbon.framework/Versions/A/Frameworks/ImageCapture.framework/Versions/A/ImageCapture
0x0000000005543000 	/System/Library/Frameworks/Carbon.framework/Versions/A/Frameworks/OpenScripting.framework/Versions/A/OpenScripting
0x0000000005543000 	/System/Library/Frameworks/Carbon.framework/Versions/A/Frameworks/Print.framework/Versions/A/Print
0x0000000005543000 	/System/Library/Frameworks/Carbon.framework/Versions/A/Frameworks/SecurityHI.framework/Versions/A/SecurityHI
0x0000000129e2e000 	/Library/Java/JavaVirtualMachines/jdk1.8.0_25.jdk/Contents/Home/jre/lib/libprism_es2.dylib
0x0000000005543000 	/System/Library/Frameworks/OpenGL.framework/Versions/A/Resources/GLEngine.bundle/GLEngine
0x0000000005543000 	/System/Library/Frameworks/OpenGL.framework/Versions/A/Libraries/libGLProgrammability.dylib
0x0000000000000000 	/System/Library/Extensions/AppleIntelHD5000GraphicsGLDriver.bundle/Contents/MacOS/AppleIntelHD5000GraphicsGLDriver
0x0000000005543000 	/System/Library/PrivateFrameworks/IOAccelerator.framework/Versions/A/IOAccelerator
0x0000000005543000 	/System/Library/PrivateFrameworks/GPUSupport.framework/Versions/A/Libraries/libGPUSupportMercury.dylib
0x0000000000000000 	/System/Library/Extensions/GeForceGLDriver.bundle/Contents/MacOS/GeForceGLDriver
0x0000000005543000 	/System/Library/Extensions/GeForceGLDriver.bundle/Contents/MacOS/libclh.dylib
0x0000000005543000 	/System/Library/Frameworks/OpenGL.framework/Versions/A/Resources/GLRendererFloat.bundle/GLRendererFloat
0x0000000005543000 	/System/Library/Frameworks/OpenCL.framework/Versions/A/Libraries/libcldcpuengine.dylib
0x0000000005543000 	/System/Library/PrivateFrameworks/DiskImages.framework/Versions/A/DiskImages
0x0000000005543000 	/System/Library/Frameworks/DiscRecording.framework/Versions/A/DiscRecording
0x0000000005543000 	/usr/lib/libcsfde.dylib
0x0000000005543000 	/usr/lib/libcurl.4.dylib
0x0000000005543000 	/System/Library/PrivateFrameworks/MediaKit.framework/Versions/A/MediaKit
0x0000000005543000 	/System/Library/PrivateFrameworks/ProtectedCloudStorage.framework/Versions/A/ProtectedCloudStorage
0x0000000005543000 	/usr/lib/libCoreStorage.dylib
0x0000000005543000 	/System/Library/PrivateFrameworks/EFILogin.framework/Versions/A/EFILogin
0x0000000005543000 	/usr/lib/libutil.dylib
0x0000000005543000 	/System/Library/PrivateFrameworks/FindMyDevice.framework/Versions/A/FindMyDevice
0x0000000005543000 	/System/Library/Frameworks/LDAP.framework/Versions/A/LDAP
0x0000000005543000 	/usr/lib/libsasl2.2.dylib
0x0000000005543000 	/System/Library/PrivateFrameworks/CoreDaemon.framework/Versions/B/CoreDaemon
0x0000000005543000 	/usr/lib/libcrypto.0.9.8.dylib
0x0000000005543000 	/System/Library/PrivateFrameworks/AppleSRP.framework/Versions/A/AppleSRP
0x0000000005543000 	/System/Library/PrivateFrameworks/TrustEvaluationAgent.framework/Versions/A/TrustEvaluationAgent
0x000000012a519000 	/Library/Java/JavaVirtualMachines/jdk1.8.0_25.jdk/Contents/Home/jre/lib/libglass.dylib
0x0000000005543000 	/System/Library/PrivateFrameworks/CoreServicesInternal.framework/Versions/A/CoreServicesInternal
0x0000000005543000 	/System/Library/PrivateFrameworks/CloudDocs.framework/Versions/A/CloudDocs
0x0000000005543000 	/System/Library/PrivateFrameworks/CoreDuet.framework/Versions/A/CoreDuet
0x0000000005543000 	/System/Library/Frameworks/CloudKit.framework/Versions/A/CloudKit
0x0000000005543000 	/System/Library/PrivateFrameworks/ProtocolBuffer.framework/Versions/A/ProtocolBuffer
0x0000000005543000 	/System/Library/PrivateFrameworks/CoreDuetDaemonProtocol.framework/Versions/A/CoreDuetDaemonProtocol
0x0000000005543000 	/System/Library/PrivateFrameworks/CoreDuetDebugLogging.framework/Versions/A/CoreDuetDebugLogging
0x0000000005543000 	/System/Library/Frameworks/CoreLocation.framework/Versions/A/CoreLocation
0x0000000005543000 	/System/Library/Frameworks/Accounts.framework/Versions/A/Accounts
0x0000000005543000 	/System/Library/PrivateFrameworks/ApplePushService.framework/Versions/A/ApplePushService
0x0000000005543000 	/System/Library/PrivateFrameworks/GeoServices.framework/Versions/A/GeoServices
0x0000000005543000 	/System/Library/PrivateFrameworks/OAuth.framework/Versions/A/OAuth
0x0000000005543000 	/System/Library/Frameworks/CoreGraphics.framework/Versions/A/Resources/libCGCMS.A.dylib
0x0000000005543000 	/System/Library/CoreServices/RawCamera.bundle/Contents/MacOS/RawCamera
0x0000000005543000 	/System/Library/Frameworks/CoreGraphics.framework/Versions/A/Resources/libRIP.A.dylib
0x0000000005543000 	/System/Library/PrivateFrameworks/FamilyControls.framework/Versions/A/FamilyControls
0x0000000005543000 	/System/Library/PrivateFrameworks/CommerceKit.framework/Versions/A/Frameworks/CommerceCore.framework/Versions/A/CommerceCore
0x0000000005543000 	/System/Library/PrivateFrameworks/SystemAdministration.framework/Versions/A/SystemAdministration
0x0000000005543000 	/System/Library/PrivateFrameworks/AppContainer.framework/Versions/A/AppContainer
0x0000000005543000 	/System/Library/PrivateFrameworks/SecCodeWrapper.framework/Versions/A/SecCodeWrapper
0x0000000005543000 	/System/Library/Frameworks/DirectoryService.framework/Versions/A/DirectoryService
0x0000000005543000 	/System/Library/PrivateFrameworks/LoginUIKit.framework/Versions/A/Frameworks/LoginUICore.framework/Versions/A/LoginUICore
0x0000000005543000 	/usr/lib/libodfde.dylib
0x000000012e7b0000 	/Library/Java/JavaVirtualMachines/jdk1.8.0_25.jdk/Contents/Home/jre/lib/libjavafx_font.dylib
0x0000000005543000 	/System/Library/Frameworks/CoreGraphics.framework/Versions/A/Resources/libCGXType.A.dylib
0x00000001318ab000 	cl_kernels
0x0000000131e52000 	/System/Library/Frameworks/OpenCL.framework/Versions/A/Libraries/ImageFormats/unorm8_bgra.dylib
0x0000000132080000 	cl_kernels
0x00000001318e4000 	/Library/Java/JavaVirtualMachines/jdk1.8.0_25.jdk/Contents/Home/jre/lib/libprism_common.dylib
0x0000000133f63000 	/Library/Java/JavaVirtualMachines/jdk1.8.0_25.jdk/Contents/Home/jre/lib/libnet.dylib

VM Arguments:
jvm_args: -Dfile.encoding=UTF-8 
java_command: controllers.Main
java_class_path (initial): /Users/Oyvind/Desktop/Java/TDT4100/Workspace/kalender/bin
Launcher Type: SUN_STANDARD

Environment Variables:
PATH=/usr/bin:/bin:/usr/sbin:/sbin
SHELL=/bin/bash
DISPLAY=/private/tmp/com.apple.launchd.rvUMPeOT11/org.macosforge.xquartz:0

Signal Handlers:
SIGSEGV: [libjvm.dylib+0x579dc7], sa_mask[0]=11111111011111110111111111111111, sa_flags=SA_ONSTACK|SA_RESTART|SA_SIGINFO
SIGBUS: [libjvm.dylib+0x579dc7], sa_mask[0]=11111111011111110111111111111111, sa_flags=SA_RESTART|SA_SIGINFO
SIGFPE: [libjvm.dylib+0x45b030], sa_mask[0]=11111111011111110111111111111111, sa_flags=SA_RESTART|SA_SIGINFO
SIGPIPE: [libjvm.dylib+0x45b030], sa_mask[0]=11111111011111110111111111111111, sa_flags=SA_RESTART|SA_SIGINFO
SIGXFSZ: [libjvm.dylib+0x45b030], sa_mask[0]=11111111011111110111111111111111, sa_flags=SA_RESTART|SA_SIGINFO
SIGILL: [libjvm.dylib+0x45b030], sa_mask[0]=11111111011111110111111111111111, sa_flags=SA_RESTART|SA_SIGINFO
SIGUSR1: SIG_DFL, sa_mask[0]=00000000000000000000000000000000, sa_flags=none
SIGUSR2: [libjvm.dylib+0x45ab4e], sa_mask[0]=00100000000000000000000000000000, sa_flags=SA_RESTART|SA_SIGINFO
SIGHUP: [libjvm.dylib+0x459121], sa_mask[0]=11111111011111110111111111111111, sa_flags=SA_RESTART|SA_SIGINFO
SIGINT: [libjvm.dylib+0x459121], sa_mask[0]=11111111011111110111111111111111, sa_flags=SA_RESTART|SA_SIGINFO
SIGTERM: [libjvm.dylib+0x459121], sa_mask[0]=11111111011111110111111111111111, sa_flags=SA_RESTART|SA_SIGINFO
SIGQUIT: [libjvm.dylib+0x459121], sa_mask[0]=11111111011111110111111111111111, sa_flags=SA_RESTART|SA_SIGINFO


---------------  S Y S T E M  ---------------

OS:Bsduname:Darwin 14.1.0 Darwin Kernel Version 14.1.0: Mon Dec 22 23:10:38 PST 2014; root:xnu-2782.10.72~2/RELEASE_X86_64 x86_64
rlimit: STACK 8192k, CORE 0k, NPROC 709, NOFILE 10240, AS infinity
load average:1.76 1.97 1.85

CPU:total 8 (4 cores per cpu, 2 threads per core) family 6 model 70 stepping 1, cmov, cx8, fxsr, mmx, sse, sse2, sse3, ssse3, sse4.1, sse4.2, popcnt, avx, avx2, aes, clmul, erms, rtm, lzcnt, ht, tsc, tscinvbit, bmi1, bmi2

Memory: 4k page, physical 16777216k(1829208k free)

/proc/meminfo:


vm_info: Java HotSpot(TM) 64-Bit Server VM (25.25-b02) for bsd-amd64 JRE (1.8.0_25-b17), built on Sep 17 2014 16:56:50 by "java_re" with gcc 4.2.1 (Based on Apple Inc. build 5658) (LLVM build 2336.11.00)

time: Mon Mar  9 10:45:21 2015
elapsed time: 83 seconds (0d 0h 1m 23s)

