#
# A fatal error has been detected by the Java Runtime Environment:
#
#  SIGSEGV (0xb) at pc=0x000000012dfac3fd, pid=1425, tid=1811
#
# JRE version: Java(TM) SE Runtime Environment (8.0_25-b17) (build 1.8.0_25-b17)
# Java VM: Java HotSpot(TM) 64-Bit Server VM (25.25-b02 mixed mode bsd-amd64 compressed oops)
# Problematic frame:
# C  [libglass.dylib+0x163fd]  GlassScreenDidChangeScreenParameters+0x9d
#
# Failed to write core dump. Core dumps have been disabled. To enable core dumping, try "ulimit -c unlimited" before starting Java again
#
# If you would like to submit a bug report, please visit:
#   http://bugreport.sun.com/bugreport/crash.jsp
#

---------------  T H R E A D  ---------------

Current thread is native thread

siginfo: si_signo: 11 (SIGSEGV), si_code: 1 (SEGV_MAPERR), si_addr: 0x0000000000000000

Registers:
RAX=0x000000012dfdee40, RBX=0x0000000000000000, RCX=0xab00acc3b36f4536, RDX=0x00007fd6f9c8f1a0
RSP=0x00007fff521ac110, RBP=0x00007fff521ac120, RSI=0x00007fd6f9c045f8, RDI=0x0000000000000000
R8 =0x00007fff521abfc0, R9 =0x00007fff760b1300, R10=0x0000000000000000, R11=0x0000000000000246
R12=0x00007fd6fc00a690, R13=0x00000000000f4268, R14=0x00007fd6fc03f2d0, R15=0x00007fff521ac260
RIP=0x000000012dfac3fd, EFLAGS=0x0000000000010206, ERR=0x0000000000000004
  TRAPNO=0x000000000000000e

Top of Stack: (sp=0x00007fff521ac110)
0x00007fff521ac110:   00007fff521ac2f0 00007fd6fc03f2d0
0x00007fff521ac120:   00007fff521ac130 00007fff88e0ccdc
0x00007fff521ac130:   00007fff521ac490 00007fff88cfe244
0x00007fff521ac140:   00007fff521ac190 0000000000001400
0x00007fff521ac150:   00007fff76010cf0 00007fd6fc1370a0
0x00007fff521ac160:   0000000000001002 0000000000000e70
0x00007fff521ac170:   00007fd6fc1370a0 00007fd6fc03f2d0
0x00007fff521ac180:   0000000000000000 00007fff521ac260
0x00007fff521ac190:   0000000000000000 00007fd6fc03f290
0x00007fff521ac1a0:   00007fff521ac2e0 000000000000009a
0x00007fff521ac1b0:   00000000000f46a0 00007fd6f9e46c00
0x00007fff521ac1c0:   00007fd6f9c37870 00007fd6fc00a690
0x00007fff521ac1d0:   0000000000000001 00000000000f4268
0x00007fff521ac1e0:   00007fd6fc00a680 00007fff9041cacb
0x00007fff521ac1f0:   0000000000000001 0000000000000001
0x00007fff521ac200:   0000000000000030 0000000000000001
0x00007fff521ac210:   00007fff521ac230 00007fff90422231
0x00007fff521ac220:   00007fff7600edd0 0000000000000000
0x00007fff521ac230:   00007fff521ac250 0000000000000011
0x00007fff521ac240:   0044d80300400000 00007fd6fc00a6b4
0x00007fff521ac250:   0000000000000000 00007fff88cf3d1f
0x00007fff521ac260:   00007fd6fc03f2d0 00007fff7600edd0
0x00007fff521ac270:   00007fff521ac2f0 00007fff88cfc84f
0x00007fff521ac280:   00007fff521ac2f4 00000000005ff001
0x00007fff521ac290:   000000010da6ea00 0000000000000002
0x00007fff521ac2a0:   000000010da6b000 00007fd6f9eec8f2
0x00007fff521ac2b0:   0000000000000003 000000010da6fe00
0x00007fff521ac2c0:   00007fff521ac3b0 00007fff9041b2a2
0x00007fff521ac2d0:   00007fd6f9e41770 00007fff521ac498
0x00007fff521ac2e0:   0000000000000017 0000000000000000
0x00007fff521ac2f0:   00000000000f4268 00007fff88cf4013
0x00007fff521ac300:   00007fff00000000 00007fd6fc02f930 

Instructions: (pc=0x000000012dfac3fd)
0x000000012dfac3dd:   89 df 4c 89 f1 41 ff 90 68 04 00 00 48 8d 05 58
0x000000012dfac3ed:   29 03 00 48 8b 30 48 8d 05 46 2a 03 00 48 8b 10
0x000000012dfac3fd:   48 8b 0b 30 c0 48 89 df ff 91 68 04 00 00 48 8b
0x000000012dfac40d:   03 48 89 df ff 50 78 48 85 c0 74 36 49 89 c6 48 

Register to memory mapping:

RAX=0x000000012dfdee40: jScreenNotifySettingsChanged+0 in /Library/Java/JavaVirtualMachines/jdk1.8.0_25.jdk/Contents/Home/jre/lib/libglass.dylib at 0x000000012df96000
RBX=0x0000000000000000 is an unknown value
RCX=0xab00acc3b36f4536 is an unknown value
RDX=0x00007fd6f9c8f1a0 is an unknown value
RSP=0x00007fff521ac110 is an unknown value
RBP=0x00007fff521ac120 is an unknown value
RSI=0x00007fd6f9c045f8 is a global jni handle
RDI=0x0000000000000000 is an unknown value
R8 =0x00007fff521abfc0 is an unknown value
R9 =0x00007fff760b1300: _thread+0 in /usr/lib/system/libsystem_pthread.dylib at 0x00007fff8933f000
R10=0x0000000000000000 is an unknown value
R11=0x0000000000000246 is an unknown value
R12=0x00007fd6fc00a690 is an unknown value
R13=0x00000000000f4268 is an unknown value
R14=0x00007fd6fc03f2d0 is an unknown value
R15=0x00007fff521ac260 is an unknown value


Stack: [0x00007fff519af000,0x00007fff521af000],  sp=0x00007fff521ac110,  free space=8180k
Native frames: (J=compiled Java code, j=interpreted, Vv=VM code, C=native code)
C  [libglass.dylib+0x163fd]  GlassScreenDidChangeScreenParameters+0x9d
C  [CoreFoundation+0x11ecdc]  __CFNOTIFICATIONCENTER_IS_CALLING_OUT_TO_AN_OBSERVER__+0xc
C  [CoreFoundation+0x10244]  _CFXNotificationPost+0xc44
C  [Foundation+0x2c31]  -[NSNotificationCenter postNotificationName:object:userInfo:]+0x42
C  [AppKit+0x36305e]  -[NSApplication _reactToScreenInvalidationImmediately:]+0x17b
C  [AppKit+0x362e9d]  __44-[NSApplication _reactToScreenInvalidation:]_block_invoke+0x4b
C  [CoreFoundation+0x8056c]  __CFRUNLOOP_IS_CALLING_OUT_TO_A_BLOCK__+0xc
C  [CoreFoundation+0x72675]  __CFRunLoopDoBlocks+0x155
C  [CoreFoundation+0x721b6]  __CFRunLoopRun+0x716
C  [CoreFoundation+0x71858]  CFRunLoopRunSpecific+0x128
C  [java+0x56cc]  CreateExecutionEnvironment+0x367
C  [java+0x165c]  JLI_Launch+0x7a0
C  [java+0x768a]  main+0x65
C  [java+0xeb4]  start+0x34


---------------  P R O C E S S  ---------------

VM state:not at safepoint (normal execution)

VM Mutex/Monitor currently owned by a thread: None

Heap:
 PSYoungGen      total 76288K, used 44506K [0x000000076ab00000, 0x0000000770000000, 0x00000007c0000000)
  eden space 65536K, 65% used [0x000000076ab00000,0x000000076d4d6af0,0x000000076eb00000)
  from space 10752K, 15% used [0x000000076eb00000,0x000000076eca0000,0x000000076f580000)
  to   space 10752K, 0% used [0x000000076f580000,0x000000076f580000,0x0000000770000000)
 ParOldGen       total 80896K, used 10817K [0x00000006c0000000, 0x00000006c4f00000, 0x000000076ab00000)
  object space 80896K, 13% used [0x00000006c0000000,0x00000006c0a90430,0x00000006c4f00000)
 Metaspace       used 22650K, capacity 24020K, committed 24320K, reserved 1071104K
  class space    used 2974K, capacity 3237K, committed 3328K, reserved 1048576K

Card table byte_map: [0x000000011efdf000,0x000000011f7e0000] byte_map_base: 0x000000011b9df000

Marking Bits: (ParMarkBitMap*) 0x000000010f49d390
 Begin Bits: [0x000000012054e000, 0x000000012454e000)
 End Bits:   [0x000000012454e000, 0x000000012854e000)

Polling page: 0x000000010dba8000

CodeCache: size=245760Kb used=18175Kb max_used=18175Kb free=227584Kb
 bounds [0x000000010fc1f000, 0x0000000110dff000, 0x000000011ec1f000]
 total_blobs=6128 nmethods=5440 adapters=601
 compilation: enabled

Compilation events (10 events):
Event: 549.640 Thread 0x00007fd6fc815000 6328       3       sun.net.util.IPAddressUtil::textToNumericFormatV4 (237 bytes)
Event: 549.641 Thread 0x00007fd6fc815000 nmethod 6328 0x0000000110dcbd10 code [0x0000000110dcbf00, 0x0000000110dcca88]
Event: 549.900 Thread 0x00007fd6fc815000 6329   !   3       java.io.ObjectOutputStream::writeSerialData (221 bytes)
Event: 549.901 Thread 0x00007fd6fc815000 nmethod 6329 0x0000000110dca490 code [0x0000000110dca6e0, 0x0000000110dcb478]
Event: 587.406 Thread 0x00007fd6fc815000 6332       3       java.io.ObjectStreamClass$FieldReflector::getObjFieldValues (99 bytes)
Event: 587.407 Thread 0x00007fd6fc815000 nmethod 6332 0x0000000110dc99d0 code [0x0000000110dc9b80, 0x0000000110dca0f8]
Event: 587.407 Thread 0x00007fd6fc815000 6330       3       java.io.ObjectStreamClass$FieldReflector::getPrimFieldValues (317 bytes)
Event: 587.408 Thread 0x00007fd6fc815000 nmethod 6330 0x0000000110df2bd0 code [0x0000000110df2e20, 0x0000000110df38e8]
Event: 587.408 Thread 0x00007fd6fc815000 6331       3       java.io.ObjectOutputStream$BlockDataOutputStream::write (152 bytes)
Event: 587.409 Thread 0x00007fd6fc815000 nmethod 6331 0x0000000110dc8cd0 code [0x0000000110dc8ec0, 0x0000000110dc9718]

GC Heap History (8 events):
Event: 9.897 GC heap before
{Heap before GC invocations=1 (full 0):
 PSYoungGen      total 76288K, used 64433K [0x000000076ab00000, 0x0000000770000000, 0x00000007c0000000)
  eden space 65536K, 98% used [0x000000076ab00000,0x000000076e9ec5d8,0x000000076eb00000)
  from space 10752K, 0% used [0x000000076f580000,0x000000076f580000,0x0000000770000000)
  to   space 10752K, 0% used [0x000000076eb00000,0x000000076eb00000,0x000000076f580000)
 ParOldGen       total 175104K, used 0K [0x00000006c0000000, 0x00000006cab00000, 0x000000076ab00000)
  object space 175104K, 0% used [0x00000006c0000000,0x00000006c0000000,0x00000006cab00000)
 Metaspace       used 18644K, capacity 19644K, committed 19840K, reserved 1067008K
  class space    used 2656K, capacity 2869K, committed 2944K, reserved 1048576K
Event: 9.904 GC heap after
Heap after GC invocations=1 (full 0):
 PSYoungGen      total 76288K, used 7061K [0x000000076ab00000, 0x0000000770000000, 0x00000007c0000000)
  eden space 65536K, 0% used [0x000000076ab00000,0x000000076ab00000,0x000000076eb00000)
  from space 10752K, 65% used [0x000000076eb00000,0x000000076f1e5550,0x000000076f580000)
  to   space 10752K, 0% used [0x000000076f580000,0x000000076f580000,0x0000000770000000)
 ParOldGen       total 175104K, used 96K [0x00000006c0000000, 0x00000006cab00000, 0x000000076ab00000)
  object space 175104K, 0% used [0x00000006c0000000,0x00000006c0018010,0x00000006cab00000)
 Metaspace       used 18644K, capacity 19644K, committed 19840K, reserved 1067008K
  class space    used 2656K, capacity 2869K, committed 2944K, reserved 1048576K
}
Event: 78.941 GC heap before
{Heap before GC invocations=2 (full 0):
 PSYoungGen      total 76288K, used 46604K [0x000000076ab00000, 0x0000000770000000, 0x00000007c0000000)
  eden space 65536K, 60% used [0x000000076ab00000,0x000000076d19dce0,0x000000076eb00000)
  from space 10752K, 65% used [0x000000076eb00000,0x000000076f1e5550,0x000000076f580000)
  to   space 10752K, 0% used [0x000000076f580000,0x000000076f580000,0x0000000770000000)
 ParOldGen       total 175104K, used 96K [0x00000006c0000000, 0x00000006cab00000, 0x000000076ab00000)
  object space 175104K, 0% used [0x00000006c0000000,0x00000006c0018010,0x00000006cab00000)
 Metaspace       used 20211K, capacity 21242K, committed 21296K, reserved 1067008K
  class space    used 2724K, capacity 2934K, committed 2944K, reserved 1048576K
Event: 78.953 GC heap after
Heap after GC invocations=2 (full 0):
 PSYoungGen      total 76288K, used 10729K [0x000000076ab00000, 0x0000000770000000, 0x00000007c0000000)
  eden space 65536K, 0% used [0x000000076ab00000,0x000000076ab00000,0x000000076eb00000)
  from space 10752K, 99% used [0x000000076f580000,0x000000076fffa478,0x0000000770000000)
  to   space 10752K, 0% used [0x000000076eb00000,0x000000076eb00000,0x000000076f580000)
 ParOldGen       total 175104K, used 3724K [0x00000006c0000000, 0x00000006cab00000, 0x000000076ab00000)
  object space 175104K, 2% used [0x00000006c0000000,0x00000006c03a3020,0x00000006cab00000)
 Metaspace       used 20211K, capacity 21242K, committed 21296K, reserved 1067008K
  class space    used 2724K, capacity 2934K, committed 2944K, reserved 1048576K
}
Event: 78.953 GC heap before
{Heap before GC invocations=3 (full 1):
 PSYoungGen      total 76288K, used 10729K [0x000000076ab00000, 0x0000000770000000, 0x00000007c0000000)
  eden space 65536K, 0% used [0x000000076ab00000,0x000000076ab00000,0x000000076eb00000)
  from space 10752K, 99% used [0x000000076f580000,0x000000076fffa478,0x0000000770000000)
  to   space 10752K, 0% used [0x000000076eb00000,0x000000076eb00000,0x000000076f580000)
 ParOldGen       total 175104K, used 3724K [0x00000006c0000000, 0x00000006cab00000, 0x000000076ab00000)
  object space 175104K, 2% used [0x00000006c0000000,0x00000006c03a3020,0x00000006cab00000)
 Metaspace       used 20211K, capacity 21242K, committed 21296K, reserved 1067008K
  class space    used 2724K, capacity 2934K, committed 2944K, reserved 1048576K
Event: 78.993 GC heap after
Heap after GC invocations=3 (full 1):
 PSYoungGen      total 76288K, used 0K [0x000000076ab00000, 0x0000000770000000, 0x00000007c0000000)
  eden space 65536K, 0% used [0x000000076ab00000,0x000000076ab00000,0x000000076eb00000)
  from space 10752K, 0% used [0x000000076f580000,0x000000076f580000,0x0000000770000000)
  to   space 10752K, 0% used [0x000000076eb00000,0x000000076eb00000,0x000000076f580000)
 ParOldGen       total 80896K, used 10809K [0x00000006c0000000, 0x00000006c4f00000, 0x000000076ab00000)
  object space 80896K, 13% used [0x00000006c0000000,0x00000006c0a8e430,0x00000006c4f00000)
 Metaspace       used 20210K, capacity 21240K, committed 21296K, reserved 1067008K
  class space    used 2723K, capacity 2933K, committed 2944K, reserved 1048576K
}
Event: 192.820 GC heap before
{Heap before GC invocations=4 (full 1):
 PSYoungGen      total 76288K, used 65536K [0x000000076ab00000, 0x0000000770000000, 0x00000007c0000000)
  eden space 65536K, 100% used [0x000000076ab00000,0x000000076eb00000,0x000000076eb00000)
  from space 10752K, 0% used [0x000000076f580000,0x000000076f580000,0x0000000770000000)
  to   space 10752K, 0% used [0x000000076eb00000,0x000000076eb00000,0x000000076f580000)
 ParOldGen       total 80896K, used 10809K [0x00000006c0000000, 0x00000006c4f00000, 0x000000076ab00000)
  object space 80896K, 13% used [0x00000006c0000000,0x00000006c0a8e430,0x00000006c4f00000)
 Metaspace       used 22388K, capacity 23718K, committed 24064K, reserved 1071104K
  class space    used 2961K, capacity 3218K, committed 3328K, reserved 1048576K
Event: 192.822 GC heap after
Heap after GC invocations=4 (full 1):
 PSYoungGen      total 76288K, used 1664K [0x000000076ab00000, 0x0000000770000000, 0x00000007c0000000)
  eden space 65536K, 0% used [0x000000076ab00000,0x000000076ab00000,0x000000076eb00000)
  from space 10752K, 15% used [0x000000076eb00000,0x000000076eca0000,0x000000076f580000)
  to   space 10752K, 0% used [0x000000076f580000,0x000000076f580000,0x0000000770000000)
 ParOldGen       total 80896K, used 10817K [0x00000006c0000000, 0x00000006c4f00000, 0x000000076ab00000)
  object space 80896K, 13% used [0x00000006c0000000,0x00000006c0a90430,0x00000006c4f00000)
 Metaspace       used 22388K, capacity 23718K, committed 24064K, reserved 1071104K
  class space    used 2961K, capacity 3218K, committed 3328K, reserved 1048576K
}

Deoptimization events (10 events):
Event: 238.769 Thread 0x00007fd6fb108800 Uncommon trap: reason=unreached action=reinterpret pc=0x000000011088fca4 method=com.sun.javafx.sg.prism.NGGroup.computeRenderRoot(Lcom/sun/javafx/sg/prism/NodePath;Lcom/sun/javafx/geom/RectBounds;ILcom/sun/javafx/geom/transform/BaseTransform;Lcom/sun/java
Event: 238.769 Thread 0x00007fd6fb108800 Uncommon trap: reason=unreached action=reinterpret pc=0x000000011088fca4 method=com.sun.javafx.sg.prism.NGGroup.computeRenderRoot(Lcom/sun/javafx/sg/prism/NodePath;Lcom/sun/javafx/geom/RectBounds;ILcom/sun/javafx/geom/transform/BaseTransform;Lcom/sun/java
Event: 238.769 Thread 0x00007fd6fb108800 Uncommon trap: reason=unreached action=reinterpret pc=0x000000011088fca4 method=com.sun.javafx.sg.prism.NGGroup.computeRenderRoot(Lcom/sun/javafx/sg/prism/NodePath;Lcom/sun/javafx/geom/RectBounds;ILcom/sun/javafx/geom/transform/BaseTransform;Lcom/sun/java
Event: 238.769 Thread 0x00007fd6fb108800 Uncommon trap: reason=unreached action=reinterpret pc=0x000000011088fca4 method=com.sun.javafx.sg.prism.NGGroup.computeRenderRoot(Lcom/sun/javafx/sg/prism/NodePath;Lcom/sun/javafx/geom/RectBounds;ILcom/sun/javafx/geom/transform/BaseTransform;Lcom/sun/java
Event: 238.770 Thread 0x00007fd6fb108800 Uncommon trap: reason=unreached action=reinterpret pc=0x000000011088fca4 method=com.sun.javafx.sg.prism.NGGroup.computeRenderRoot(Lcom/sun/javafx/sg/prism/NodePath;Lcom/sun/javafx/geom/RectBounds;ILcom/sun/javafx/geom/transform/BaseTransform;Lcom/sun/java
Event: 238.772 Thread 0x00007fd6fb108800 Uncommon trap: reason=range_check action=make_not_entrant pc=0x00000001108a3a54 method=java.util.ArrayList.elementData(I)Ljava/lang/Object; @ 5
Event: 238.772 Thread 0x00007fd6fb108800 Uncommon trap: reason=range_check action=make_not_entrant pc=0x000000010fe8884c method=java.util.ArrayList.elementData(I)Ljava/lang/Object; @ 5
Event: 239.105 Thread 0x00007fd6fb108800 Uncommon trap: reason=intrinsic action=make_not_entrant pc=0x0000000110d8a9fc method=com.sun.prism.impl.ps.BaseShaderGraphics.drawString(Lcom/sun/javafx/scene/text/GlyphList;Lcom/sun/javafx/font/FontStrike;FFLcom/sun/prism/paint/Color;II)V @ 572
Event: 257.262 Thread 0x00007fd6fb115800 Uncommon trap: reason=speculate_class_check action=maybe_recompile pc=0x00000001108edb84 method=com.sun.javafx.scene.EnteredExitedHandler.dispatchBubblingEvent(Ljavafx/event/Event;)Ljavafx/event/Event; @ 19
Event: 367.574 Thread 0x00007fd6fb115800 Uncommon trap: reason=class_check action=maybe_recompile pc=0x0000000110cbf7c4 method=java.util.AbstractCollection.toArray()[Ljava/lang/Object; @ 1

Internal exceptions (10 events):
Event: 257.220 Thread 0x00007fd6fb115800 Exception <a 'java/security/PrivilegedActionException'> (0x000000076c576568) thrown at [/HUDSON3/workspace/8-2-build-macosx-x86_64/jdk8u25/1514/hotspot/src/share/vm/prims/jvm.cpp, line 1312]
Event: 257.220 Thread 0x00007fd6fb115800 Exception <a 'java/security/PrivilegedActionException'> (0x000000076c577d40) thrown at [/HUDSON3/workspace/8-2-build-macosx-x86_64/jdk8u25/1514/hotspot/src/share/vm/prims/jvm.cpp, line 1312]
Event: 257.220 Thread 0x00007fd6fb115800 Exception <a 'java/security/PrivilegedActionException'> (0x000000076c5835a8) thrown at [/HUDSON3/workspace/8-2-build-macosx-x86_64/jdk8u25/1514/hotspot/src/share/vm/prims/jvm.cpp, line 1312]
Event: 257.220 Thread 0x00007fd6fb115800 Exception <a 'java/security/PrivilegedActionException'> (0x000000076c584c58) thrown at [/HUDSON3/workspace/8-2-build-macosx-x86_64/jdk8u25/1514/hotspot/src/share/vm/prims/jvm.cpp, line 1312]
Event: 257.221 Thread 0x00007fd6fb115800 Exception <a 'java/security/PrivilegedActionException'> (0x000000076c5a10e8) thrown at [/HUDSON3/workspace/8-2-build-macosx-x86_64/jdk8u25/1514/hotspot/src/share/vm/prims/jvm.cpp, line 1312]
Event: 257.221 Thread 0x00007fd6fb115800 Exception <a 'java/security/PrivilegedActionException'> (0x000000076c5a2818) thrown at [/HUDSON3/workspace/8-2-build-macosx-x86_64/jdk8u25/1514/hotspot/src/share/vm/prims/jvm.cpp, line 1312]
Event: 257.221 Thread 0x00007fd6fb115800 Exception <a 'java/security/PrivilegedActionException'> (0x000000076c5c0cc8) thrown at [/HUDSON3/workspace/8-2-build-macosx-x86_64/jdk8u25/1514/hotspot/src/share/vm/prims/jvm.cpp, line 1312]
Event: 257.221 Thread 0x00007fd6fb115800 Exception <a 'java/security/PrivilegedActionException'> (0x000000076c5c2418) thrown at [/HUDSON3/workspace/8-2-build-macosx-x86_64/jdk8u25/1514/hotspot/src/share/vm/prims/jvm.cpp, line 1312]
Event: 257.221 Thread 0x00007fd6fb115800 Exception <a 'java/security/PrivilegedActionException'> (0x000000076c5df638) thrown at [/HUDSON3/workspace/8-2-build-macosx-x86_64/jdk8u25/1514/hotspot/src/share/vm/prims/jvm.cpp, line 1312]
Event: 257.221 Thread 0x00007fd6fb115800 Exception <a 'java/security/PrivilegedActionException'> (0x000000076c5e0de0) thrown at [/HUDSON3/workspace/8-2-build-macosx-x86_64/jdk8u25/1514/hotspot/src/share/vm/prims/jvm.cpp, line 1312]

Events (10 events):
Event: 367.574 Thread 0x00007fd6fb115800 DEOPT UNPACKING pc=0x000000010fc23f69 sp=0x00007fff521a9968 mode 2
Event: 367.576 loading class com/sun/javafx/tk/quantum/QuantumRenderer
Event: 367.576 loading class com/sun/javafx/tk/quantum/QuantumRenderer done
Event: 367.576 loading class com/sun/javafx/tk/quantum/QuantumToolkit
Event: 367.576 loading class com/sun/javafx/tk/quantum/QuantumToolkit done
Event: 367.576 Thread 0x00007fd6fb108800 Thread exited: 0x00007fd6fb108800
Event: 367.576 Thread 0x00007fd6fc8d9800 Thread exited: 0x00007fd6fc8d9800
Event: 367.577 Thread 0x00007fd6fb115800 Thread exited: 0x00007fd6fb115800
Event: 367.577 Thread 0x00007fd6fb004800 Thread exited: 0x00007fd6fb004800
Event: 367.577 Thread 0x00007fd6fb004800 Thread added: 0x00007fd6fb004800


Dynamic libraries:
0x0000000005543000 	/System/Library/Frameworks/Cocoa.framework/Versions/A/Cocoa
0x0000000005543000 	/System/Library/Frameworks/Security.framework/Versions/A/Security
0x0000000005543000 	/System/Library/Frameworks/ApplicationServices.framework/Versions/A/ApplicationServices
0x0000000005543000 	/usr/lib/libz.1.dylib
0x0000000005543000 	/usr/lib/libSystem.B.dylib
0x0000000005543000 	/usr/lib/libobjc.A.dylib
0x0000000005543000 	/System/Library/Frameworks/CoreFoundation.framework/Versions/A/CoreFoundation
0x0000000005543000 	/System/Library/Frameworks/Foundation.framework/Versions/C/Foundation
0x0000000005543000 	/System/Library/Frameworks/AppKit.framework/Versions/C/AppKit
0x0000000005543000 	/System/Library/Frameworks/CoreData.framework/Versions/A/CoreData
0x0000000005543000 	/System/Library/PrivateFrameworks/RemoteViewServices.framework/Versions/A/RemoteViewServices
0x0000000005543000 	/System/Library/PrivateFrameworks/UIFoundation.framework/Versions/A/UIFoundation
0x0000000005543000 	/System/Library/Frameworks/IOSurface.framework/Versions/A/IOSurface
0x0000000005543000 	/System/Library/Frameworks/AudioToolbox.framework/Versions/A/AudioToolbox
0x0000000005543000 	/System/Library/Frameworks/AudioUnit.framework/Versions/A/AudioUnit
0x0000000005543000 	/System/Library/PrivateFrameworks/DataDetectorsCore.framework/Versions/A/DataDetectorsCore
0x0000000005543000 	/System/Library/PrivateFrameworks/DesktopServicesPriv.framework/Versions/A/DesktopServicesPriv
0x0000000005543000 	/System/Library/Frameworks/Carbon.framework/Versions/A/Frameworks/HIToolbox.framework/Versions/A/HIToolbox
0x0000000005543000 	/System/Library/Frameworks/QuartzCore.framework/Versions/A/QuartzCore
0x0000000005543000 	/System/Library/Frameworks/Carbon.framework/Versions/A/Frameworks/SpeechRecognition.framework/Versions/A/SpeechRecognition
0x0000000005543000 	/usr/lib/libauto.dylib
0x0000000005543000 	/usr/lib/libicucore.A.dylib
0x0000000005543000 	/usr/lib/libxml2.2.dylib
0x0000000005543000 	/System/Library/PrivateFrameworks/CoreUI.framework/Versions/A/CoreUI
0x0000000005543000 	/System/Library/Frameworks/CoreAudio.framework/Versions/A/CoreAudio
0x0000000005543000 	/System/Library/Frameworks/DiskArbitration.framework/Versions/A/DiskArbitration
0x0000000005543000 	/usr/lib/liblangid.dylib
0x0000000005543000 	/System/Library/PrivateFrameworks/MultitouchSupport.framework/Versions/A/MultitouchSupport
0x0000000005543000 	/System/Library/Frameworks/IOKit.framework/Versions/A/IOKit
0x0000000005543000 	/usr/lib/libDiagnosticMessagesClient.dylib
0x0000000005543000 	/System/Library/Frameworks/CoreServices.framework/Versions/A/CoreServices
0x0000000005543000 	/System/Library/PrivateFrameworks/PerformanceAnalysis.framework/Versions/A/PerformanceAnalysis
0x0000000005543000 	/System/Library/PrivateFrameworks/GenerationalStorage.framework/Versions/A/GenerationalStorage
0x0000000005543000 	/System/Library/Frameworks/OpenGL.framework/Versions/A/OpenGL
0x0000000005543000 	/System/Library/PrivateFrameworks/Sharing.framework/Versions/A/Sharing
0x0000000005543000 	/System/Library/Frameworks/CoreGraphics.framework/Versions/A/CoreGraphics
0x0000000005543000 	/System/Library/Frameworks/CoreText.framework/Versions/A/CoreText
0x0000000005543000 	/System/Library/Frameworks/ImageIO.framework/Versions/A/ImageIO
0x0000000005543000 	/usr/lib/libextension.dylib
0x0000000005543000 	/System/Library/PrivateFrameworks/Backup.framework/Versions/A/Backup
0x0000000005543000 	/usr/lib/libarchive.2.dylib
0x0000000005543000 	/System/Library/Frameworks/CFNetwork.framework/Versions/A/CFNetwork
0x0000000005543000 	/System/Library/Frameworks/SystemConfiguration.framework/Versions/A/SystemConfiguration
0x0000000005543000 	/usr/lib/libCRFSuite.dylib
0x0000000005543000 	/usr/lib/libc++.1.dylib
0x0000000005543000 	/usr/lib/libc++abi.dylib
0x0000000005543000 	/usr/lib/system/libcache.dylib
0x0000000005543000 	/usr/lib/system/libcommonCrypto.dylib
0x0000000005543000 	/usr/lib/system/libcompiler_rt.dylib
0x0000000005543000 	/usr/lib/system/libcopyfile.dylib
0x0000000005543000 	/usr/lib/system/libcorecrypto.dylib
0x0000000005543000 	/usr/lib/system/libdispatch.dylib
0x0000000005543000 	/usr/lib/system/libdyld.dylib
0x0000000005543000 	/usr/lib/system/libkeymgr.dylib
0x0000000005543000 	/usr/lib/system/liblaunch.dylib
0x0000000005543000 	/usr/lib/system/libmacho.dylib
0x0000000005543000 	/usr/lib/system/libquarantine.dylib
0x0000000005543000 	/usr/lib/system/libremovefile.dylib
0x0000000005543000 	/usr/lib/system/libsystem_asl.dylib
0x0000000005543000 	/usr/lib/system/libsystem_blocks.dylib
0x0000000005543000 	/usr/lib/system/libsystem_c.dylib
0x0000000005543000 	/usr/lib/system/libsystem_configuration.dylib
0x0000000005543000 	/usr/lib/system/libsystem_coreservices.dylib
0x0000000005543000 	/usr/lib/system/libsystem_coretls.dylib
0x0000000005543000 	/usr/lib/system/libsystem_dnssd.dylib
0x0000000005543000 	/usr/lib/system/libsystem_info.dylib
0x0000000005543000 	/usr/lib/system/libsystem_kernel.dylib
0x0000000005543000 	/usr/lib/system/libsystem_m.dylib
0x0000000005543000 	/usr/lib/system/libsystem_malloc.dylib
0x0000000005543000 	/usr/lib/system/libsystem_network.dylib
0x0000000005543000 	/usr/lib/system/libsystem_networkextension.dylib
0x0000000005543000 	/usr/lib/system/libsystem_notify.dylib
0x0000000005543000 	/usr/lib/system/libsystem_platform.dylib
0x0000000005543000 	/usr/lib/system/libsystem_pthread.dylib
0x0000000005543000 	/usr/lib/system/libsystem_sandbox.dylib
0x0000000005543000 	/usr/lib/system/libsystem_secinit.dylib
0x0000000005543000 	/usr/lib/system/libsystem_stats.dylib
0x0000000005543000 	/usr/lib/system/libsystem_trace.dylib
0x0000000005543000 	/usr/lib/system/libunc.dylib
0x0000000005543000 	/usr/lib/system/libunwind.dylib
0x0000000005543000 	/usr/lib/system/libxpc.dylib
0x0000000005543000 	/usr/lib/libbz2.1.0.dylib
0x0000000005543000 	/usr/lib/liblzma.5.dylib
0x0000000005543000 	/usr/lib/libbsm.0.dylib
0x0000000005543000 	/usr/lib/libsqlite3.dylib
0x0000000005543000 	/usr/lib/system/libkxld.dylib
0x0000000005543000 	/usr/lib/libxar.1.dylib
0x0000000005543000 	/usr/lib/libpam.2.dylib
0x0000000005543000 	/usr/lib/libOpenScriptingUtil.dylib
0x0000000005543000 	/System/Library/Frameworks/CoreServices.framework/Versions/A/Frameworks/FSEvents.framework/Versions/A/FSEvents
0x0000000005543000 	/System/Library/Frameworks/CoreServices.framework/Versions/A/Frameworks/CarbonCore.framework/Versions/A/CarbonCore
0x0000000005543000 	/System/Library/Frameworks/CoreServices.framework/Versions/A/Frameworks/Metadata.framework/Versions/A/Metadata
0x0000000005543000 	/System/Library/Frameworks/CoreServices.framework/Versions/A/Frameworks/OSServices.framework/Versions/A/OSServices
0x0000000005543000 	/System/Library/Frameworks/CoreServices.framework/Versions/A/Frameworks/SearchKit.framework/Versions/A/SearchKit
0x0000000005543000 	/System/Library/Frameworks/CoreServices.framework/Versions/A/Frameworks/AE.framework/Versions/A/AE
0x0000000005543000 	/System/Library/Frameworks/CoreServices.framework/Versions/A/Frameworks/LaunchServices.framework/Versions/A/LaunchServices
0x0000000005543000 	/System/Library/Frameworks/CoreServices.framework/Versions/A/Frameworks/DictionaryServices.framework/Versions/A/DictionaryServices
0x0000000005543000 	/System/Library/Frameworks/NetFS.framework/Versions/A/NetFS
0x0000000005543000 	/System/Library/PrivateFrameworks/NetAuth.framework/Versions/A/NetAuth
0x0000000005543000 	/System/Library/PrivateFrameworks/login.framework/Versions/A/Frameworks/loginsupport.framework/Versions/A/loginsupport
0x0000000005543000 	/System/Library/PrivateFrameworks/TCC.framework/Versions/A/TCC
0x0000000005543000 	/usr/lib/libmecabra.dylib
0x0000000005543000 	/System/Library/Frameworks/ApplicationServices.framework/Versions/A/Frameworks/ATS.framework/Versions/A/ATS
0x0000000005543000 	/System/Library/Frameworks/ApplicationServices.framework/Versions/A/Frameworks/ColorSync.framework/Versions/A/ColorSync
0x0000000005543000 	/System/Library/Frameworks/ApplicationServices.framework/Versions/A/Frameworks/HIServices.framework/Versions/A/HIServices
0x0000000005543000 	/System/Library/Frameworks/ApplicationServices.framework/Versions/A/Frameworks/LangAnalysis.framework/Versions/A/LangAnalysis
0x0000000005543000 	/System/Library/Frameworks/ApplicationServices.framework/Versions/A/Frameworks/PrintCore.framework/Versions/A/PrintCore
0x0000000005543000 	/System/Library/Frameworks/ApplicationServices.framework/Versions/A/Frameworks/QD.framework/Versions/A/QD
0x0000000005543000 	/System/Library/Frameworks/ApplicationServices.framework/Versions/A/Frameworks/SpeechSynthesis.framework/Versions/A/SpeechSynthesis
0x0000000005543000 	/System/Library/Frameworks/Accelerate.framework/Versions/A/Accelerate
0x0000000005543000 	/System/Library/Frameworks/Accelerate.framework/Versions/A/Frameworks/vImage.framework/Versions/A/vImage
0x0000000005543000 	/System/Library/Frameworks/Accelerate.framework/Versions/A/Frameworks/vecLib.framework/Versions/A/vecLib
0x0000000005543000 	/System/Library/Frameworks/Accelerate.framework/Versions/A/Frameworks/vecLib.framework/Versions/A/libvDSP.dylib
0x0000000005543000 	/System/Library/Frameworks/Accelerate.framework/Versions/A/Frameworks/vecLib.framework/Versions/A/libvMisc.dylib
0x0000000005543000 	/System/Library/Frameworks/Accelerate.framework/Versions/A/Frameworks/vecLib.framework/Versions/A/libLAPACK.dylib
0x0000000005543000 	/System/Library/Frameworks/Accelerate.framework/Versions/A/Frameworks/vecLib.framework/Versions/A/libBLAS.dylib
0x0000000005543000 	/System/Library/Frameworks/Accelerate.framework/Versions/A/Frameworks/vecLib.framework/Versions/A/libLinearAlgebra.dylib
0x0000000005543000 	/System/Library/Frameworks/ApplicationServices.framework/Versions/A/Frameworks/ATS.framework/Versions/A/Resources/libFontParser.dylib
0x0000000005543000 	/System/Library/Frameworks/ApplicationServices.framework/Versions/A/Frameworks/ATS.framework/Versions/A/Resources/libFontRegistry.dylib
0x0000000005543000 	/System/Library/PrivateFrameworks/AppleVPA.framework/Versions/A/AppleVPA
0x0000000005543000 	/System/Library/PrivateFrameworks/AppleJPEG.framework/Versions/A/AppleJPEG
0x0000000005543000 	/System/Library/Frameworks/ImageIO.framework/Versions/A/Resources/libJPEG.dylib
0x0000000005543000 	/System/Library/Frameworks/ImageIO.framework/Versions/A/Resources/libTIFF.dylib
0x0000000005543000 	/System/Library/Frameworks/ImageIO.framework/Versions/A/Resources/libPng.dylib
0x0000000005543000 	/System/Library/Frameworks/ImageIO.framework/Versions/A/Resources/libGIF.dylib
0x0000000005543000 	/System/Library/Frameworks/ImageIO.framework/Versions/A/Resources/libJP2.dylib
0x0000000005543000 	/System/Library/Frameworks/ImageIO.framework/Versions/A/Resources/libRadiance.dylib
0x0000000005543000 	/System/Library/Frameworks/CoreVideo.framework/Versions/A/CoreVideo
0x0000000005543000 	/System/Library/Frameworks/OpenGL.framework/Versions/A/Libraries/libGLU.dylib
0x0000000005543000 	/System/Library/Frameworks/OpenGL.framework/Versions/A/Libraries/libGFXShared.dylib
0x0000000005543000 	/System/Library/Frameworks/OpenGL.framework/Versions/A/Libraries/libGL.dylib
0x0000000005543000 	/System/Library/Frameworks/OpenGL.framework/Versions/A/Libraries/libGLImage.dylib
0x0000000005543000 	/System/Library/Frameworks/OpenGL.framework/Versions/A/Libraries/libCVMSPluginSupport.dylib
0x0000000005543000 	/System/Library/Frameworks/OpenGL.framework/Versions/A/Libraries/libCoreVMClient.dylib
0x0000000005543000 	/usr/lib/libcups.2.dylib
0x0000000005543000 	/System/Library/Frameworks/Kerberos.framework/Versions/A/Kerberos
0x0000000005543000 	/System/Library/Frameworks/GSS.framework/Versions/A/GSS
0x0000000005543000 	/usr/lib/libresolv.9.dylib
0x0000000005543000 	/usr/lib/libiconv.2.dylib
0x0000000005543000 	/System/Library/PrivateFrameworks/Heimdal.framework/Versions/A/Heimdal
0x0000000005543000 	/usr/lib/libheimdal-asn1.dylib
0x0000000005543000 	/System/Library/Frameworks/OpenDirectory.framework/Versions/A/OpenDirectory
0x0000000005543000 	/System/Library/PrivateFrameworks/CommonAuth.framework/Versions/A/CommonAuth
0x0000000005543000 	/System/Library/Frameworks/OpenDirectory.framework/Versions/A/Frameworks/CFOpenDirectory.framework/Versions/A/CFOpenDirectory
0x0000000005543000 	/System/Library/Frameworks/SecurityFoundation.framework/Versions/A/SecurityFoundation
0x0000000005543000 	/System/Library/PrivateFrameworks/LanguageModeling.framework/Versions/A/LanguageModeling
0x0000000005543000 	/usr/lib/libcmph.dylib
0x0000000005543000 	/System/Library/Frameworks/ServiceManagement.framework/Versions/A/ServiceManagement
0x0000000005543000 	/usr/lib/libxslt.1.dylib
0x0000000005543000 	/System/Library/Frameworks/Carbon.framework/Versions/A/Frameworks/Ink.framework/Versions/A/Ink
0x0000000005543000 	/System/Library/Frameworks/QuartzCore.framework/Versions/A/Frameworks/CoreImage.framework/Versions/A/CoreImage
0x0000000005543000 	/System/Library/PrivateFrameworks/CrashReporterSupport.framework/Versions/A/CrashReporterSupport
0x0000000005543000 	/System/Library/Frameworks/OpenCL.framework/Versions/A/OpenCL
0x0000000005543000 	/System/Library/PrivateFrameworks/FaceCore.framework/Versions/A/FaceCore
0x0000000005543000 	/System/Library/PrivateFrameworks/Ubiquity.framework/Versions/A/Ubiquity
0x0000000005543000 	/System/Library/PrivateFrameworks/IconServices.framework/Versions/A/IconServices
0x0000000005543000 	/System/Library/PrivateFrameworks/ChunkingLibrary.framework/Versions/A/ChunkingLibrary
0x0000000005543000 	/System/Library/PrivateFrameworks/Apple80211.framework/Versions/A/Apple80211
0x0000000005543000 	/System/Library/Frameworks/CoreWLAN.framework/Versions/A/CoreWLAN
0x0000000005543000 	/System/Library/Frameworks/IOBluetooth.framework/Versions/A/IOBluetooth
0x0000000005543000 	/System/Library/PrivateFrameworks/CoreWiFi.framework/Versions/A/CoreWiFi
0x0000000005543000 	/System/Library/Frameworks/CoreBluetooth.framework/Versions/A/CoreBluetooth
0x0000000005543000 	/System/Library/PrivateFrameworks/DebugSymbols.framework/Versions/A/DebugSymbols
0x0000000005543000 	/System/Library/PrivateFrameworks/CoreSymbolication.framework/Versions/A/CoreSymbolication
0x0000000005543000 	/System/Library/PrivateFrameworks/Symbolication.framework/Versions/A/Symbolication
0x0000000005543000 	/System/Library/PrivateFrameworks/SpeechRecognitionCore.framework/Versions/A/SpeechRecognitionCore
0x000000010ec00000 	/Library/Java/JavaVirtualMachines/jdk1.8.0_25.jdk/Contents/Home/jre/lib/server/libjvm.dylib
0x0000000005543000 	/usr/lib/libstdc++.6.dylib
0x000000010db66000 	/Library/Java/JavaVirtualMachines/jdk1.8.0_25.jdk/Contents/Home/jre/lib/libverify.dylib
0x000000010db74000 	/Library/Java/JavaVirtualMachines/jdk1.8.0_25.jdk/Contents/Home/jre/lib/libjava.dylib
0x000000010dbb2000 	/Library/Java/JavaVirtualMachines/jdk1.8.0_25.jdk/Contents/Home/jre/lib/libzip.dylib
0x000000010dbe4000 	/System/Library/Frameworks/JavaVM.framework/Frameworks/JavaRuntimeSupport.framework/JavaRuntimeSupport
0x000000012b7ca000 	/System/Library/Frameworks/JavaVM.framework/Versions/A/Frameworks/JavaNativeFoundation.framework/Versions/A/JavaNativeFoundation
0x000000012b7de000 	/System/Library/Frameworks/JavaVM.framework/Versions/A/JavaVM
0x0000000005543000 	/System/Library/Frameworks/Carbon.framework/Versions/A/Carbon
0x000000012b7ea000 	/System/Library/PrivateFrameworks/JavaLaunching.framework/Versions/A/JavaLaunching
0x0000000005543000 	/System/Library/Frameworks/Carbon.framework/Versions/A/Frameworks/CommonPanels.framework/Versions/A/CommonPanels
0x0000000005543000 	/System/Library/Frameworks/Carbon.framework/Versions/A/Frameworks/Help.framework/Versions/A/Help
0x0000000005543000 	/System/Library/Frameworks/Carbon.framework/Versions/A/Frameworks/ImageCapture.framework/Versions/A/ImageCapture
0x0000000005543000 	/System/Library/Frameworks/Carbon.framework/Versions/A/Frameworks/OpenScripting.framework/Versions/A/OpenScripting
0x0000000005543000 	/System/Library/Frameworks/Carbon.framework/Versions/A/Frameworks/Print.framework/Versions/A/Print
0x0000000005543000 	/System/Library/Frameworks/Carbon.framework/Versions/A/Frameworks/SecurityHI.framework/Versions/A/SecurityHI
0x000000012d8aa000 	/Library/Java/JavaVirtualMachines/jdk1.8.0_25.jdk/Contents/Home/jre/lib/libprism_es2.dylib
0x0000000005543000 	/System/Library/Frameworks/OpenGL.framework/Versions/A/Resources/GLEngine.bundle/GLEngine
0x0000000005543000 	/System/Library/Frameworks/OpenGL.framework/Versions/A/Libraries/libGLProgrammability.dylib
0x0000000000000000 	/System/Library/Extensions/AppleIntelHD5000GraphicsGLDriver.bundle/Contents/MacOS/AppleIntelHD5000GraphicsGLDriver
0x0000000005543000 	/System/Library/PrivateFrameworks/IOAccelerator.framework/Versions/A/IOAccelerator
0x0000000005543000 	/System/Library/PrivateFrameworks/GPUSupport.framework/Versions/A/Libraries/libGPUSupportMercury.dylib
0x0000000000000000 	/System/Library/Extensions/GeForceGLDriver.bundle/Contents/MacOS/GeForceGLDriver
0x0000000005543000 	/System/Library/Extensions/GeForceGLDriver.bundle/Contents/MacOS/libclh.dylib
0x0000000005543000 	/System/Library/Frameworks/OpenGL.framework/Versions/A/Resources/GLRendererFloat.bundle/GLRendererFloat
0x0000000005543000 	/System/Library/Frameworks/OpenCL.framework/Versions/A/Libraries/libcldcpuengine.dylib
0x0000000005543000 	/System/Library/PrivateFrameworks/DiskImages.framework/Versions/A/DiskImages
0x0000000005543000 	/System/Library/Frameworks/DiscRecording.framework/Versions/A/DiscRecording
0x0000000005543000 	/usr/lib/libcsfde.dylib
0x0000000005543000 	/usr/lib/libcurl.4.dylib
0x0000000005543000 	/System/Library/PrivateFrameworks/MediaKit.framework/Versions/A/MediaKit
0x0000000005543000 	/System/Library/PrivateFrameworks/ProtectedCloudStorage.framework/Versions/A/ProtectedCloudStorage
0x0000000005543000 	/usr/lib/libCoreStorage.dylib
0x0000000005543000 	/System/Library/PrivateFrameworks/EFILogin.framework/Versions/A/EFILogin
0x0000000005543000 	/usr/lib/libutil.dylib
0x0000000005543000 	/System/Library/PrivateFrameworks/FindMyDevice.framework/Versions/A/FindMyDevice
0x0000000005543000 	/System/Library/Frameworks/LDAP.framework/Versions/A/LDAP
0x0000000005543000 	/usr/lib/libsasl2.2.dylib
0x0000000005543000 	/System/Library/PrivateFrameworks/CoreDaemon.framework/Versions/B/CoreDaemon
0x0000000005543000 	/usr/lib/libcrypto.0.9.8.dylib
0x0000000005543000 	/System/Library/PrivateFrameworks/AppleSRP.framework/Versions/A/AppleSRP
0x0000000005543000 	/System/Library/PrivateFrameworks/TrustEvaluationAgent.framework/Versions/A/TrustEvaluationAgent
0x000000012df96000 	/Library/Java/JavaVirtualMachines/jdk1.8.0_25.jdk/Contents/Home/jre/lib/libglass.dylib
0x0000000005543000 	/System/Library/PrivateFrameworks/CoreServicesInternal.framework/Versions/A/CoreServicesInternal
0x0000000005543000 	/System/Library/PrivateFrameworks/CloudDocs.framework/Versions/A/CloudDocs
0x0000000005543000 	/System/Library/PrivateFrameworks/CoreDuet.framework/Versions/A/CoreDuet
0x0000000005543000 	/System/Library/Frameworks/CloudKit.framework/Versions/A/CloudKit
0x0000000005543000 	/System/Library/PrivateFrameworks/ProtocolBuffer.framework/Versions/A/ProtocolBuffer
0x0000000005543000 	/System/Library/PrivateFrameworks/CoreDuetDaemonProtocol.framework/Versions/A/CoreDuetDaemonProtocol
0x0000000005543000 	/System/Library/PrivateFrameworks/CoreDuetDebugLogging.framework/Versions/A/CoreDuetDebugLogging
0x0000000005543000 	/System/Library/Frameworks/CoreLocation.framework/Versions/A/CoreLocation
0x0000000005543000 	/System/Library/Frameworks/Accounts.framework/Versions/A/Accounts
0x0000000005543000 	/System/Library/PrivateFrameworks/ApplePushService.framework/Versions/A/ApplePushService
0x0000000005543000 	/System/Library/PrivateFrameworks/GeoServices.framework/Versions/A/GeoServices
0x0000000005543000 	/System/Library/PrivateFrameworks/OAuth.framework/Versions/A/OAuth
0x0000000005543000 	/System/Library/Frameworks/CoreGraphics.framework/Versions/A/Resources/libCGCMS.A.dylib
0x0000000005543000 	/System/Library/CoreServices/RawCamera.bundle/Contents/MacOS/RawCamera
0x0000000005543000 	/System/Library/Frameworks/CoreGraphics.framework/Versions/A/Resources/libRIP.A.dylib
0x0000000005543000 	/System/Library/PrivateFrameworks/FamilyControls.framework/Versions/A/FamilyControls
0x0000000005543000 	/System/Library/PrivateFrameworks/CommerceKit.framework/Versions/A/Frameworks/CommerceCore.framework/Versions/A/CommerceCore
0x0000000005543000 	/System/Library/PrivateFrameworks/SystemAdministration.framework/Versions/A/SystemAdministration
0x0000000005543000 	/System/Library/PrivateFrameworks/AppContainer.framework/Versions/A/AppContainer
0x0000000005543000 	/System/Library/PrivateFrameworks/SecCodeWrapper.framework/Versions/A/SecCodeWrapper
0x0000000005543000 	/System/Library/Frameworks/DirectoryService.framework/Versions/A/DirectoryService
0x0000000005543000 	/System/Library/PrivateFrameworks/LoginUIKit.framework/Versions/A/Frameworks/LoginUICore.framework/Versions/A/LoginUICore
0x0000000005543000 	/usr/lib/libodfde.dylib
0x000000013222d000 	/Library/Java/JavaVirtualMachines/jdk1.8.0_25.jdk/Contents/Home/jre/lib/libjavafx_font.dylib
0x0000000005543000 	/System/Library/Frameworks/CoreGraphics.framework/Versions/A/Resources/libCGXType.A.dylib
0x0000000134f63000 	cl_kernels
0x00000001354d0000 	/System/Library/Frameworks/OpenCL.framework/Versions/A/Libraries/ImageFormats/unorm8_bgra.dylib
0x0000000134f69000 	cl_kernels
0x0000000135c31000 	/Library/Java/JavaVirtualMachines/jdk1.8.0_25.jdk/Contents/Home/jre/lib/libprism_common.dylib
0x000000013767c000 	/Library/Java/JavaVirtualMachines/jdk1.8.0_25.jdk/Contents/Home/jre/lib/libnet.dylib

VM Arguments:
jvm_args: -Dfile.encoding=UTF-8 
java_command: controllers.Main
java_class_path (initial): /Users/Oyvind/Desktop/Java/TDT4100/Workspace/kalender/bin
Launcher Type: SUN_STANDARD

Environment Variables:
PATH=/usr/bin:/bin:/usr/sbin:/sbin
SHELL=/bin/bash
DISPLAY=/private/tmp/com.apple.launchd.rvUMPeOT11/org.macosforge.xquartz:0

Signal Handlers:
SIGSEGV: [libjvm.dylib+0x579dc7], sa_mask[0]=11111111011111110111111111111111, sa_flags=SA_ONSTACK|SA_RESTART|SA_SIGINFO
SIGBUS: [libjvm.dylib+0x579dc7], sa_mask[0]=11111111011111110111111111111111, sa_flags=SA_RESTART|SA_SIGINFO
SIGFPE: [libjvm.dylib+0x45b030], sa_mask[0]=11111111011111110111111111111111, sa_flags=SA_RESTART|SA_SIGINFO
SIGPIPE: [libjvm.dylib+0x45b030], sa_mask[0]=11111111011111110111111111111111, sa_flags=SA_RESTART|SA_SIGINFO
SIGXFSZ: [libjvm.dylib+0x45b030], sa_mask[0]=11111111011111110111111111111111, sa_flags=SA_RESTART|SA_SIGINFO
SIGILL: [libjvm.dylib+0x45b030], sa_mask[0]=11111111011111110111111111111111, sa_flags=SA_RESTART|SA_SIGINFO
SIGUSR1: SIG_DFL, sa_mask[0]=00000000000000000000000000000000, sa_flags=none
SIGUSR2: [libjvm.dylib+0x45ab4e], sa_mask[0]=00100000000000000000000000000000, sa_flags=SA_RESTART|SA_SIGINFO
SIGHUP: [libjvm.dylib+0x459121], sa_mask[0]=11111111011111110111111111111111, sa_flags=SA_RESTART|SA_SIGINFO
SIGINT: [libjvm.dylib+0x459121], sa_mask[0]=11111111011111110111111111111111, sa_flags=SA_RESTART|SA_SIGINFO
SIGTERM: [libjvm.dylib+0x459121], sa_mask[0]=11111111011111110111111111111111, sa_flags=SA_RESTART|SA_SIGINFO
SIGQUIT: [libjvm.dylib+0x459121], sa_mask[0]=11111111011111110111111111111111, sa_flags=SA_RESTART|SA_SIGINFO


---------------  S Y S T E M  ---------------

OS:Bsduname:Darwin 14.1.0 Darwin Kernel Version 14.1.0: Mon Dec 22 23:10:38 PST 2014; root:xnu-2782.10.72~2/RELEASE_X86_64 x86_64
rlimit: STACK 8192k, CORE 0k, NPROC 709, NOFILE 10240, AS infinity
load average:3.94 2.28 1.89

CPU:total 8 (4 cores per cpu, 2 threads per core) family 6 model 70 stepping 1, cmov, cx8, fxsr, mmx, sse, sse2, sse3, ssse3, sse4.1, sse4.2, popcnt, avx, avx2, aes, clmul, erms, rtm, lzcnt, ht, tsc, tscinvbit, bmi1, bmi2

Memory: 4k page, physical 16777216k(1735460k free)

/proc/meminfo:


vm_info: Java HotSpot(TM) 64-Bit Server VM (25.25-b02) for bsd-amd64 JRE (1.8.0_25-b17), built on Sep 17 2014 16:56:50 by "java_re" with gcc 4.2.1 (Based on Apple Inc. build 5658) (LLVM build 2336.11.00)

time: Mon Mar  9 10:05:03 2015
elapsed time: 587 seconds (0d 0h 9m 47s)

